Copyright 1986-2018 Xilinx, Inc. All Rights Reserved.
------------------------------------------------------------------------------------
| Tool Version : Vivado v.2018.1 (lin64) Build 2188600 Wed Apr  4 18:39:19 MDT 2018
| Date         : Mon May 16 20:26:56 2022
| Host         : nguyenvietthi running 64-bit Ubuntu 20.04.4 LTS
| Command      : report_timing_summary -file top_timing_synth.rpt
| Design       : top
| Device       : 7k325t-ffg900
| Speed File   : -2  PRODUCTION 1.12 2017-02-17
------------------------------------------------------------------------------------

Timing Summary Report

------------------------------------------------------------------------------------------------
| Timer Settings
| --------------
------------------------------------------------------------------------------------------------

  Enable Multi Corner Analysis               :  Yes
  Enable Pessimism Removal                   :  Yes
  Pessimism Removal Resolution               :  Nearest Common Node
  Enable Input Delay Default Clock           :  No
  Enable Preset / Clear Arcs                 :  No
  Disable Flight Delays                      :  No
  Ignore I/O Paths                           :  No
  Timing Early Launch at Borrowing Latches   :  false

  Corner  Analyze    Analyze    
  Name    Max Paths  Min Paths  
  ------  ---------  ---------  
  Slow    Yes        Yes        
  Fast    Yes        Yes        



check_timing report

Table of Contents
-----------------
1. checking no_clock
2. checking constant_clock
3. checking pulse_width_clock
4. checking unconstrained_internal_endpoints
5. checking no_input_delay
6. checking no_output_delay
7. checking multiple_clock
8. checking generated_clocks
9. checking loops
10. checking partial_input_delay
11. checking partial_output_delay
12. checking latch_loops

1. checking no_clock
--------------------
 There are 0 register/latch pins with no clock.


2. checking constant_clock
--------------------------
 There are 0 register/latch pins with constant_clock.


3. checking pulse_width_clock
-----------------------------
 There are 0 register/latch pins which need pulse_width check


4. checking unconstrained_internal_endpoints
--------------------------------------------
 There are 0 pins that are not constrained for maximum delay.

 There are 0 pins that are not constrained for maximum delay due to constant clock.


5. checking no_input_delay
--------------------------
 There are 0 input ports with no input delay specified.

 There are 0 input ports with no input delay but user has a false path constraint.


6. checking no_output_delay
---------------------------
 There are 3 ports with no output delay specified. (HIGH)

 There are 0 ports with no output delay but user has a false path constraint

 There are 0 ports with no output delay but with a timing clock defined on it or propagating through it


7. checking multiple_clock
--------------------------
 There are 0 register/latch pins with multiple clocks.


8. checking generated_clocks
----------------------------
 There are 0 generated clocks that are not connected to a clock source.


9. checking loops
-----------------
 There are 0 combinational loops in the design.


10. checking partial_input_delay
--------------------------------
 There are 0 input ports with partial input delay specified.


11. checking partial_output_delay
---------------------------------
 There are 0 ports with partial output delay specified.


12. checking latch_loops
------------------------
 There are 0 combinational latch loops in the design through latch input



------------------------------------------------------------------------------------------------
| Design Timing Summary
| ---------------------
------------------------------------------------------------------------------------------------

    WNS(ns)      TNS(ns)  TNS Failing Endpoints  TNS Total Endpoints      WHS(ns)      THS(ns)  THS Failing Endpoints  THS Total Endpoints     WPWS(ns)     TPWS(ns)  TPWS Failing Endpoints  TPWS Total Endpoints  
    -------      -------  ---------------------  -------------------      -------      -------  ---------------------  -------------------     --------     --------  ----------------------  --------------------  
     -2.388     -309.823                    198                  198        0.058        0.000                      0                  198       -1.398      -70.398                     101                   101  


Timing constraints are not met.


------------------------------------------------------------------------------------------------
| Clock Summary
| -------------
------------------------------------------------------------------------------------------------

Clock   Waveform(ns)               Period(ns)      Frequency(MHz)
-----   ------------               ----------      --------------
clk100  {0.000 0.005}              0.010           100000.006      


------------------------------------------------------------------------------------------------
| Intra Clock Table
| -----------------
------------------------------------------------------------------------------------------------

Clock             WNS(ns)      TNS(ns)  TNS Failing Endpoints  TNS Total Endpoints      WHS(ns)      THS(ns)  THS Failing Endpoints  THS Total Endpoints     WPWS(ns)     TPWS(ns)  TPWS Failing Endpoints  TPWS Total Endpoints  
-----             -------      -------  ---------------------  -------------------      -------      -------  ---------------------  -------------------     --------     --------  ----------------------  --------------------  
clk100             -2.388     -309.823                    198                  198        0.058        0.000                      0                  198       -1.398      -70.398                     101                   101  


------------------------------------------------------------------------------------------------
| Inter Clock Table
| -----------------
------------------------------------------------------------------------------------------------

From Clock    To Clock          WNS(ns)      TNS(ns)  TNS Failing Endpoints  TNS Total Endpoints      WHS(ns)      THS(ns)  THS Failing Endpoints  THS Total Endpoints  
----------    --------          -------      -------  ---------------------  -------------------      -------      -------  ---------------------  -------------------  


------------------------------------------------------------------------------------------------
| Other Path Groups Table
| -----------------------
------------------------------------------------------------------------------------------------

Path Group    From Clock    To Clock          WNS(ns)      TNS(ns)  TNS Failing Endpoints  TNS Total Endpoints      WHS(ns)      THS(ns)  THS Failing Endpoints  THS Total Endpoints  
----------    ----------    --------          -------      -------  ---------------------  -------------------      -------      -------  ---------------------  -------------------  


------------------------------------------------------------------------------------------------
| Timing Details
| --------------
------------------------------------------------------------------------------------------------


---------------------------------------------------------------------------------------------------
From Clock:  clk100
  To Clock:  clk100

Setup :          198  Failing Endpoints,  Worst Slack       -2.388ns,  Total Violation     -309.823ns
Hold  :            0  Failing Endpoints,  Worst Slack        0.058ns,  Total Violation        0.000ns
PW    :          101  Failing Endpoints,  Worst Slack       -1.398ns,  Total Violation      -70.398ns
---------------------------------------------------------------------------------------------------


Max Delay Paths
--------------------------------------------------------------------------------------
Slack (VIOLATED) :        -2.388ns  (required time - arrival time)
  Source:                 __main___blink_b_counter_reg[4]/C
                            (rising edge-triggered cell FDRE clocked by clk100  {rise@0.000ns fall@0.005ns period=0.010ns})
  Destination:            __main___blink_b_counter_reg[28]/D
                            (rising edge-triggered cell FDRE clocked by clk100  {rise@0.000ns fall@0.005ns period=0.010ns})
  Path Group:             clk100
  Path Type:              Setup (Max at Slow Process Corner)
  Requirement:            0.010ns  (clk100 rise@0.010ns - clk100 rise@0.000ns)
  Data Path Delay:        2.254ns  (logic 1.074ns (47.649%)  route 1.180ns (52.351%))
  Logic Levels:           8  (CARRY4=7 LUT5=1)
  Clock Path Skew:        -0.145ns (DCD - SCD + CPR)
    Destination Clock Delay (DCD):    0.964ns = ( 0.974 - 0.010 ) 
    Source Clock Delay      (SCD):    1.143ns
    Clock Pessimism Removal (CPR):    0.033ns
  Clock Uncertainty:      0.035ns  ((TSJ^2 + TIJ^2)^1/2 + DJ) / 2 + PE
    Total System Jitter     (TSJ):    0.071ns
    Total Input Jitter      (TIJ):    0.000ns
    Discrete Jitter          (DJ):    0.000ns
    Phase Error              (PE):    0.000ns

    Location             Delay type                Incr(ns)  Path(ns)    Netlist Resource(s)
  -------------------------------------------------------------------    -------------------
                         (clock clk100 rise edge)     0.000     0.000 r  
    E3                                                0.000     0.000 r  clk100 (IN)
                         net (fo=0)                   0.000     0.000    clk100
    E3                   IBUF (Prop_ibuf_I_O)         0.000     0.000 r  clk100_IBUF_inst/O
                         net (fo=1, unplaced)         0.466     0.466    clk100_IBUF
                         BUFG (Prop_bufg_I_O)         0.093     0.559 r  clk100_IBUF_BUFG_inst/O
                         net (fo=100, unplaced)       0.584     1.143    sys_clk
                         FDRE                                         r  __main___blink_b_counter_reg[4]/C
  -------------------------------------------------------------------    -------------------
                         FDRE (Prop_fdre_C_Q)         0.223     1.366 r  __main___blink_b_counter_reg[4]/Q
                         net (fo=2, unplaced)         0.679     2.045    __main___blink_b_counter_reg_n_0_[4]
                         CARRY4 (Prop_carry4_S[3]_CO[3])
                                                      0.311     2.356 r  __main___blink_b_counter_reg[4]_i_2/CO[3]
                         net (fo=1, unplaced)         0.007     2.363    __main___blink_b_counter_reg[4]_i_2_n_0
                         CARRY4 (Prop_carry4_CI_CO[3])
                                                      0.053     2.416 r  __main___blink_b_counter_reg[8]_i_2/CO[3]
                         net (fo=1, unplaced)         0.000     2.416    __main___blink_b_counter_reg[8]_i_2_n_0
                         CARRY4 (Prop_carry4_CI_CO[3])
                                                      0.053     2.469 r  __main___blink_b_counter_reg[12]_i_2/CO[3]
                         net (fo=1, unplaced)         0.000     2.469    __main___blink_b_counter_reg[12]_i_2_n_0
                         CARRY4 (Prop_carry4_CI_CO[3])
                                                      0.053     2.522 r  __main___blink_b_counter_reg[16]_i_2/CO[3]
                         net (fo=1, unplaced)         0.000     2.522    __main___blink_b_counter_reg[16]_i_2_n_0
                         CARRY4 (Prop_carry4_CI_CO[3])
                                                      0.053     2.575 r  __main___blink_b_counter_reg[20]_i_2/CO[3]
                         net (fo=1, unplaced)         0.000     2.575    __main___blink_b_counter_reg[20]_i_2_n_0
                         CARRY4 (Prop_carry4_CI_CO[3])
                                                      0.053     2.628 r  __main___blink_b_counter_reg[24]_i_2/CO[3]
                         net (fo=1, unplaced)         0.000     2.628    __main___blink_b_counter_reg[24]_i_2_n_0
                         CARRY4 (Prop_carry4_CI_O[3])
                                                      0.155     2.783 r  __main___blink_b_counter_reg[28]_i_2/O[3]
                         net (fo=1, unplaced)         0.494     3.277    __main___blink_b_counter_reg[28]_i_2_n_4
                         LUT5 (Prop_lut5_I4_O)        0.120     3.397 r  __main___blink_b_counter[28]_i_1/O
                         net (fo=1, unplaced)         0.000     3.397    __main___blink_b_counter[28]
                         FDRE                                         r  __main___blink_b_counter_reg[28]/D
  -------------------------------------------------------------------    -------------------

                         (clock clk100 rise edge)     0.010     0.010 r  
    E3                                                0.000     0.010 r  clk100 (IN)
                         net (fo=0)                   0.000     0.010    clk100
    E3                   IBUF (Prop_ibuf_I_O)         0.000     0.010 r  clk100_IBUF_inst/O
                         net (fo=1, unplaced)         0.442     0.452    clk100_IBUF
                         BUFG (Prop_bufg_I_O)         0.083     0.535 r  clk100_IBUF_BUFG_inst/O
                         net (fo=100, unplaced)       0.439     0.974    sys_clk
                         FDRE                                         r  __main___blink_b_counter_reg[28]/C
                         clock pessimism              0.033     1.008    
                         clock uncertainty           -0.035     0.972    
                         FDRE (Setup_fdre_C_D)        0.036     1.008    __main___blink_b_counter_reg[28]
  -------------------------------------------------------------------
                         required time                          1.008    
                         arrival time                          -3.397    
  -------------------------------------------------------------------
                         slack                                 -2.388    





Min Delay Paths
--------------------------------------------------------------------------------------
Slack (MET) :             0.058ns  (arrival time - required time)
  Source:                 __main___blink_b_counter_reg[0]/C
                            (rising edge-triggered cell FDRE clocked by clk100  {rise@0.000ns fall@0.005ns period=0.010ns})
  Destination:            __main___blink_b_counter_reg[0]/D
                            (rising edge-triggered cell FDRE clocked by clk100  {rise@0.000ns fall@0.005ns period=0.010ns})
  Path Group:             clk100
  Path Type:              Hold (Min at Fast Process Corner)
  Requirement:            0.000ns  (clk100 rise@0.000ns - clk100 rise@0.000ns)
  Data Path Delay:        0.268ns  (logic 0.164ns (61.275%)  route 0.104ns (38.725%))
  Logic Levels:           1  (LUT1=1)
  Clock Path Skew:        0.145ns (DCD - SCD - CPR)
    Destination Clock Delay (DCD):    0.532ns
    Source Clock Delay      (SCD):    0.371ns
    Clock Pessimism Removal (CPR):    0.016ns

    Location             Delay type                Incr(ns)  Path(ns)    Netlist Resource(s)
  -------------------------------------------------------------------    -------------------
                         (clock clk100 rise edge)     0.000     0.000 r  
    E3                                                0.000     0.000 r  clk100 (IN)
                         net (fo=0)                   0.000     0.000    clk100
    E3                   IBUF (Prop_ibuf_I_O)         0.000     0.000 r  clk100_IBUF_inst/O
                         net (fo=1, unplaced)         0.231     0.231    clk100_IBUF
                         BUFG (Prop_bufg_I_O)         0.026     0.257 r  clk100_IBUF_BUFG_inst/O
                         net (fo=100, unplaced)       0.114     0.371    sys_clk
                         FDRE                                         r  __main___blink_b_counter_reg[0]/C
  -------------------------------------------------------------------    -------------------
                         FDRE (Prop_fdre_C_Q)         0.100     0.471 f  __main___blink_b_counter_reg[0]/Q
                         net (fo=3, unplaced)         0.104     0.575    __main___blink_b_counter_reg_n_0_[0]
                         LUT1 (Prop_lut1_I0_O)        0.064     0.639 r  __main___blink_b_counter[0]_i_1/O
                         net (fo=1, unplaced)         0.000     0.639    __main___blink_b_counter[0]
                         FDRE                                         r  __main___blink_b_counter_reg[0]/D
  -------------------------------------------------------------------    -------------------

                         (clock clk100 rise edge)     0.000     0.000 r  
    E3                                                0.000     0.000 r  clk100 (IN)
                         net (fo=0)                   0.000     0.000    clk100
    E3                   IBUF (Prop_ibuf_I_O)         0.000     0.000 r  clk100_IBUF_inst/O
                         net (fo=1, unplaced)         0.243     0.243    clk100_IBUF
                         BUFG (Prop_bufg_I_O)         0.030     0.273 r  clk100_IBUF_BUFG_inst/O
                         net (fo=100, unplaced)       0.259     0.532    sys_clk
                         FDRE                                         r  __main___blink_b_counter_reg[0]/C
                         clock pessimism             -0.016     0.516    
                         FDRE (Hold_fdre_C_D)         0.065     0.581    __main___blink_b_counter_reg[0]
  -------------------------------------------------------------------
                         required time                         -0.581    
                         arrival time                           0.639    
  -------------------------------------------------------------------
                         slack                                  0.058    





Pulse Width Checks
--------------------------------------------------------------------------------------
Clock Name:         clk100
Waveform(ns):       { 0.000 0.005 }
Period(ns):         0.010
Sources:            { clk100 }

Check Type        Corner  Lib Pin  Reference Pin  Required(ns)  Actual(ns)  Slack(ns)  Location  Pin
Min Period        n/a     BUFG/I   n/a            1.409         0.010       -1.398               clk100_IBUF_BUFG_inst/I
Low Pulse Width   Slow    FDRE/C   n/a            0.350         0.005       -0.345               __main___blink_b_counter_reg[0]/C
High Pulse Width  Slow    FDRE/C   n/a            0.350         0.005       -0.345               __main___blink_b_counter_reg[0]/C



