Copyright 1986-2018 Xilinx, Inc. All Rights Reserved.
-----------------------------------------------------------------------------------------------
| Tool Version : Vivado v.2018.1 (lin64) Build 2188600 Wed Apr  4 18:39:19 MDT 2018
| Date         : Mon May 23 21:52:27 2022
| Host         : nguyenvietthi running 64-bit Ubuntu 20.04.4 LTS
| Command      : report_utilization -hierarchical -file top_utilization_hierarchical_synth.rpt
| Design       : top
| Device       : 7a100tcsg324-1
| Design State : Synthesized
-----------------------------------------------------------------------------------------------

Utilization Design Information

Table of Contents
-----------------
1. Utilization by Hierarchy

1. Utilization by Hierarchy
---------------------------

+----------------------------+------------------+------------+------------+---------+------+------+--------+--------+--------------+
|          Instance          |      Module      | Total LUTs | Logic LUTs | LUTRAMs | SRLs |  FFs | RAMB36 | RAMB18 | DSP48 Blocks |
+----------------------------+------------------+------------+------------+---------+------+------+--------+--------+--------------+
| top                        |            (top) |       2880 |       2864 |      16 |    0 | 2582 |     15 |      8 |            4 |
|   (top)                    |            (top) |        490 |        474 |      16 |    0 | 1325 |     14 |      0 |            0 |
|   VexRiscv                 |         VexRiscv |       2390 |       2390 |       0 |    0 | 1257 |      1 |      8 |            4 |
|     (VexRiscv)             |         VexRiscv |        908 |        908 |       0 |    0 | 1081 |      0 |      2 |            4 |
|     IBusCachedPlugin_cache | InstructionCache |        889 |        889 |       0 |    0 |  111 |      1 |      1 |            0 |
|     dataCache_1            |        DataCache |        593 |        593 |       0 |    0 |   65 |      0 |      5 |            0 |
+----------------------------+------------------+------------+------------+---------+------+------+--------+--------+--------------+


