Timing Analyzer report for top
Tue May 17 10:24:40 2022
Quartus Prime Version 21.1.0 Build 842 10/21/2021 SJ Lite Edition


---------------------
; Table of Contents ;
---------------------
  1. Legal Notice
  2. Timing Analyzer Summary
  3. Parallel Compilation
  4. SDC File List
  5. Clocks
  6. Slow 1200mV 100C Model Fmax Summary
  7. Timing Closure Recommendations
  8. Slow 1200mV 100C Model Setup Summary
  9. Slow 1200mV 100C Model Hold Summary
 10. Slow 1200mV 100C Model Recovery Summary
 11. Slow 1200mV 100C Model Removal Summary
 12. Slow 1200mV 100C Model Minimum Pulse Width Summary
 13. Slow 1200mV 100C Model Metastability Summary
 14. Slow 1200mV -40C Model Fmax Summary
 15. Slow 1200mV -40C Model Setup Summary
 16. Slow 1200mV -40C Model Hold Summary
 17. Slow 1200mV -40C Model Recovery Summary
 18. Slow 1200mV -40C Model Removal Summary
 19. Slow 1200mV -40C Model Minimum Pulse Width Summary
 20. Slow 1200mV -40C Model Metastability Summary
 21. Fast 1200mV -40C Model Setup Summary
 22. Fast 1200mV -40C Model Hold Summary
 23. Fast 1200mV -40C Model Recovery Summary
 24. Fast 1200mV -40C Model Removal Summary
 25. Fast 1200mV -40C Model Minimum Pulse Width Summary
 26. Fast 1200mV -40C Model Metastability Summary
 27. Multicorner Timing Analysis Summary
 28. Board Trace Model Assignments
 29. Input Transition Times
 30. Signal Integrity Metrics (Slow 1200mv n40c Model)
 31. Signal Integrity Metrics (Slow 1200mv 100c Model)
 32. Signal Integrity Metrics (Fast 1200mv n40c Model)
 33. Clock Transfers
 34. Report TCCS
 35. Report RSKM
 36. Unconstrained Paths Summary
 37. Clock Status Summary
 38. Unconstrained Input Ports
 39. Unconstrained Output Ports
 40. Unconstrained Input Ports
 41. Unconstrained Output Ports
 42. Timing Analyzer Messages



----------------
; Legal Notice ;
----------------
Copyright (C) 2021  Intel Corporation. All rights reserved.
Your use of Intel Corporation's design tools, logic functions 
and other software and tools, and any partner logic 
functions, and any output files from any of the foregoing 
(including device programming or simulation files), and any 
associated documentation or information are expressly subject 
to the terms and conditions of the Intel Program License 
Subscription Agreement, the Intel Quartus Prime License Agreement,
the Intel FPGA IP License Agreement, or other applicable license
agreement, including, without limitation, that your use is for
the sole purpose of programming logic devices manufactured by
Intel and sold by Intel or its authorized distributors.  Please
refer to the applicable agreement for further details, at
https://fpgasoftware.intel.com/eula.



+-----------------------------------------------------------------------------+
; Timing Analyzer Summary                                                     ;
+-----------------------+-----------------------------------------------------+
; Quartus Prime Version ; Version 21.1.0 Build 842 10/21/2021 SJ Lite Edition ;
; Timing Analyzer       ; Legacy Timing Analyzer                              ;
; Revision Name         ; top                                                 ;
; Device Family         ; Cyclone IV E                                        ;
; Device Name           ; EP4CE115F29I7                                       ;
; Timing Models         ; Final                                               ;
; Delay Model           ; Combined                                            ;
; Rise/Fall Delays      ; Enabled                                             ;
+-----------------------+-----------------------------------------------------+


+------------------------------------------+
; Parallel Compilation                     ;
+----------------------------+-------------+
; Processors                 ; Number      ;
+----------------------------+-------------+
; Number detected on machine ; 4           ;
; Maximum allowed            ; 4           ;
;                            ;             ;
; Average used               ; 1.01        ;
; Maximum used               ; 4           ;
;                            ;             ;
; Usage by Processor         ; % Time Used ;
;     Processor 1            ; 100.0%      ;
;     Processors 2-4         ;   0.2%      ;
+----------------------------+-------------+


+---------------------------------------------------+
; SDC File List                                     ;
+---------------+--------+--------------------------+
; SDC File Path ; Status ; Read at                  ;
+---------------+--------+--------------------------+
; top.sdc       ; OK     ; Tue May 17 10:24:39 2022 ;
+---------------+--------+--------------------------+


+----------------------------------------------------------------------------------------------------------------------------------------------------------------------------------+
; Clocks                                                                                                                                                                           ;
+------------+------+--------+-----------+-------+-------+------------+-----------+-------------+-------+--------+-----------+------------+----------+--------+--------+-----------+
; Clock Name ; Type ; Period ; Frequency ; Rise  ; Fall  ; Duty Cycle ; Divide by ; Multiply by ; Phase ; Offset ; Edge List ; Edge Shift ; Inverted ; Master ; Source ; Targets   ;
+------------+------+--------+-----------+-------+-------+------------+-----------+-------------+-------+--------+-----------+------------+----------+--------+--------+-----------+
; clk50      ; Base ; 10.000 ; 100.0 MHz ; 0.000 ; 5.000 ;            ;           ;             ;       ;        ;           ;            ;          ;        ;        ; { clk50 } ;
+------------+------+--------+-----------+-------+-------+------------+-----------+-------------+-------+--------+-----------+------------+----------+--------+--------+-----------+


---------------------------------------
; Slow 1200mV 100C Model Fmax Summary ;
---------------------------------------
No paths to report.


----------------------------------
; Timing Closure Recommendations ;
----------------------------------
HTML report is unavailable in plain text report export.


----------------------------------------
; Slow 1200mV 100C Model Setup Summary ;
----------------------------------------
No paths to report.


---------------------------------------
; Slow 1200mV 100C Model Hold Summary ;
---------------------------------------
No paths to report.


-------------------------------------------
; Slow 1200mV 100C Model Recovery Summary ;
-------------------------------------------
No paths to report.


------------------------------------------
; Slow 1200mV 100C Model Removal Summary ;
------------------------------------------
No paths to report.


+----------------------------------------------------+
; Slow 1200mV 100C Model Minimum Pulse Width Summary ;
+-------+-------+------------------------------------+
; Clock ; Slack ; End Point TNS                      ;
+-------+-------+------------------------------------+
; clk50 ; 6.000 ; 0.000                              ;
+-------+-------+------------------------------------+


------------------------------------------------
; Slow 1200mV 100C Model Metastability Summary ;
------------------------------------------------
No synchronizer chains to report.


---------------------------------------
; Slow 1200mV -40C Model Fmax Summary ;
---------------------------------------
No paths to report.


----------------------------------------
; Slow 1200mV -40C Model Setup Summary ;
----------------------------------------
No paths to report.


---------------------------------------
; Slow 1200mV -40C Model Hold Summary ;
---------------------------------------
No paths to report.


-------------------------------------------
; Slow 1200mV -40C Model Recovery Summary ;
-------------------------------------------
No paths to report.


------------------------------------------
; Slow 1200mV -40C Model Removal Summary ;
------------------------------------------
No paths to report.


+----------------------------------------------------+
; Slow 1200mV -40C Model Minimum Pulse Width Summary ;
+-------+-------+------------------------------------+
; Clock ; Slack ; End Point TNS                      ;
+-------+-------+------------------------------------+
; clk50 ; 6.000 ; 0.000                              ;
+-------+-------+------------------------------------+


------------------------------------------------
; Slow 1200mV -40C Model Metastability Summary ;
------------------------------------------------
No synchronizer chains to report.


----------------------------------------
; Fast 1200mV -40C Model Setup Summary ;
----------------------------------------
No paths to report.


---------------------------------------
; Fast 1200mV -40C Model Hold Summary ;
---------------------------------------
No paths to report.


-------------------------------------------
; Fast 1200mV -40C Model Recovery Summary ;
-------------------------------------------
No paths to report.


------------------------------------------
; Fast 1200mV -40C Model Removal Summary ;
------------------------------------------
No paths to report.


+----------------------------------------------------+
; Fast 1200mV -40C Model Minimum Pulse Width Summary ;
+-------+-------+------------------------------------+
; Clock ; Slack ; End Point TNS                      ;
+-------+-------+------------------------------------+
; clk50 ; 6.000 ; 0.000                              ;
+-------+-------+------------------------------------+


------------------------------------------------
; Fast 1200mV -40C Model Metastability Summary ;
------------------------------------------------
No synchronizer chains to report.


+----------------------------------------------------------------------------+
; Multicorner Timing Analysis Summary                                        ;
+------------------+-------+------+----------+---------+---------------------+
; Clock            ; Setup ; Hold ; Recovery ; Removal ; Minimum Pulse Width ;
+------------------+-------+------+----------+---------+---------------------+
; Worst-case Slack ; N/A   ; N/A  ; N/A      ; N/A     ; 6.000               ;
;  clk50           ; N/A   ; N/A  ; N/A      ; N/A     ; 6.000               ;
; Design-wide TNS  ; 0.0   ; 0.0  ; 0.0      ; 0.0     ; 0.0                 ;
;  clk50           ; N/A   ; N/A  ; N/A      ; N/A     ; 0.000               ;
+------------------+-------+------+----------+---------+---------------------+


+------------------------------------------------------------------------------------------------------------------------------------------------------------------------------------------------------------------------------------------------------------------------------------------------------------------------------------------------------------------------------------------------------------------+
; Board Trace Model Assignments                                                                                                                                                                                                                                                                                                                                                                                    ;
+---------------+--------------+-------------------+-------------------------+-------------------------+---------------+---------------------+----------------+------------------+--------+------------------+------------------------+------------------------+--------------+---------------+-----------------+-------+---------------------+--------------------+---------------+-----------------+-------------+
; Pin           ; I/O Standard ; Near Tline Length ; Near Tline L per Length ; Near Tline C per Length ; Near Series R ; Near Differential R ; Near Pull-up R ; Near Pull-down R ; Near C ; Far Tline Length ; Far Tline L per Length ; Far Tline C per Length ; Far Series R ; Far Pull-up R ; Far Pull-down R ; Far C ; Termination Voltage ; Far Differential R ; EBD File Name ; EBD Signal Name ; EBD Far-end ;
+---------------+--------------+-------------------+-------------------------+-------------------------+---------------+---------------------+----------------+------------------+--------+------------------+------------------------+------------------------+--------------+---------------+-----------------+-------+---------------------+--------------------+---------------+-----------------+-------------+
; user_led0     ; 3.3-V LVTTL  ; 0 in              ; 0 H/in                  ; 0 F/in                  ; short         ; -                   ; open           ; open             ; open   ; 0 in             ; 0 H/in                 ; 0 F/in                 ; short        ; open          ; open            ; open  ; 0 V                 ; -                  ; n/a           ; n/a             ; n/a         ;
; user_led1     ; 3.3-V LVTTL  ; 0 in              ; 0 H/in                  ; 0 F/in                  ; short         ; -                   ; open           ; open             ; open   ; 0 in             ; 0 H/in                 ; 0 F/in                 ; short        ; open          ; open            ; open  ; 0 V                 ; -                  ; n/a           ; n/a             ; n/a         ;
; user_led2     ; 3.3-V LVTTL  ; 0 in              ; 0 H/in                  ; 0 F/in                  ; short         ; -                   ; open           ; open             ; open   ; 0 in             ; 0 H/in                 ; 0 F/in                 ; short        ; open          ; open            ; open  ; 0 V                 ; -                  ; n/a           ; n/a             ; n/a         ;
; user_led3     ; 3.3-V LVTTL  ; 0 in              ; 0 H/in                  ; 0 F/in                  ; short         ; -                   ; open           ; open             ; open   ; 0 in             ; 0 H/in                 ; 0 F/in                 ; short        ; open          ; open            ; open  ; 0 V                 ; -                  ; n/a           ; n/a             ; n/a         ;
; user_led4     ; 3.3-V LVTTL  ; 0 in              ; 0 H/in                  ; 0 F/in                  ; short         ; -                   ; open           ; open             ; open   ; 0 in             ; 0 H/in                 ; 0 F/in                 ; short        ; open          ; open            ; open  ; 0 V                 ; -                  ; n/a           ; n/a             ; n/a         ;
; user_led5     ; 3.3-V LVTTL  ; 0 in              ; 0 H/in                  ; 0 F/in                  ; short         ; -                   ; open           ; open             ; open   ; 0 in             ; 0 H/in                 ; 0 F/in                 ; short        ; open          ; open            ; open  ; 0 V                 ; -                  ; n/a           ; n/a             ; n/a         ;
; user_led6     ; 3.3-V LVTTL  ; 0 in              ; 0 H/in                  ; 0 F/in                  ; short         ; -                   ; open           ; open             ; open   ; 0 in             ; 0 H/in                 ; 0 F/in                 ; short        ; open          ; open            ; open  ; 0 V                 ; -                  ; n/a           ; n/a             ; n/a         ;
; user_led7     ; 3.3-V LVTTL  ; 0 in              ; 0 H/in                  ; 0 F/in                  ; short         ; -                   ; open           ; open             ; open   ; 0 in             ; 0 H/in                 ; 0 F/in                 ; short        ; open          ; open            ; open  ; 0 V                 ; -                  ; n/a           ; n/a             ; n/a         ;
; user_led8     ; 3.3-V LVTTL  ; 0 in              ; 0 H/in                  ; 0 F/in                  ; short         ; -                   ; open           ; open             ; open   ; 0 in             ; 0 H/in                 ; 0 F/in                 ; short        ; open          ; open            ; open  ; 0 V                 ; -                  ; n/a           ; n/a             ; n/a         ;
; user_led9     ; 3.3-V LVTTL  ; 0 in              ; 0 H/in                  ; 0 F/in                  ; short         ; -                   ; open           ; open             ; open   ; 0 in             ; 0 H/in                 ; 0 F/in                 ; short        ; open          ; open            ; open  ; 0 V                 ; -                  ; n/a           ; n/a             ; n/a         ;
; user_led10    ; 3.3-V LVTTL  ; 0 in              ; 0 H/in                  ; 0 F/in                  ; short         ; -                   ; open           ; open             ; open   ; 0 in             ; 0 H/in                 ; 0 F/in                 ; short        ; open          ; open            ; open  ; 0 V                 ; -                  ; n/a           ; n/a             ; n/a         ;
; user_led11    ; 3.3-V LVTTL  ; 0 in              ; 0 H/in                  ; 0 F/in                  ; short         ; -                   ; open           ; open             ; open   ; 0 in             ; 0 H/in                 ; 0 F/in                 ; short        ; open          ; open            ; open  ; 0 V                 ; -                  ; n/a           ; n/a             ; n/a         ;
; user_led12    ; 3.3-V LVTTL  ; 0 in              ; 0 H/in                  ; 0 F/in                  ; short         ; -                   ; open           ; open             ; open   ; 0 in             ; 0 H/in                 ; 0 F/in                 ; short        ; open          ; open            ; open  ; 0 V                 ; -                  ; n/a           ; n/a             ; n/a         ;
; user_led13    ; 3.3-V LVTTL  ; 0 in              ; 0 H/in                  ; 0 F/in                  ; short         ; -                   ; open           ; open             ; open   ; 0 in             ; 0 H/in                 ; 0 F/in                 ; short        ; open          ; open            ; open  ; 0 V                 ; -                  ; n/a           ; n/a             ; n/a         ;
; user_led14    ; 3.3-V LVTTL  ; 0 in              ; 0 H/in                  ; 0 F/in                  ; short         ; -                   ; open           ; open             ; open   ; 0 in             ; 0 H/in                 ; 0 F/in                 ; short        ; open          ; open            ; open  ; 0 V                 ; -                  ; n/a           ; n/a             ; n/a         ;
; user_led15    ; 3.3-V LVTTL  ; 0 in              ; 0 H/in                  ; 0 F/in                  ; short         ; -                   ; open           ; open             ; open   ; 0 in             ; 0 H/in                 ; 0 F/in                 ; short        ; open          ; open            ; open  ; 0 V                 ; -                  ; n/a           ; n/a             ; n/a         ;
; ~ALTERA_DCLK~ ; 2.5 V        ; 0 in              ; 0 H/in                  ; 0 F/in                  ; short         ; -                   ; open           ; open             ; open   ; 0 in             ; 0 H/in                 ; 0 F/in                 ; short        ; open          ; open            ; open  ; 0 V                 ; -                  ; n/a           ; n/a             ; n/a         ;
; ~ALTERA_nCEO~ ; 2.5 V        ; 0 in              ; 0 H/in                  ; 0 F/in                  ; short         ; -                   ; open           ; open             ; open   ; 0 in             ; 0 H/in                 ; 0 F/in                 ; short        ; open          ; open            ; open  ; 0 V                 ; -                  ; n/a           ; n/a             ; n/a         ;
+---------------+--------------+-------------------+-------------------------+-------------------------+---------------+---------------------+----------------+------------------+--------+------------------+------------------------+------------------------+--------------+---------------+-----------------+-------+---------------------+--------------------+---------------+-----------------+-------------+


+----------------------------------------------------------------------------+
; Input Transition Times                                                     ;
+-------------------------+--------------+-----------------+-----------------+
; Pin                     ; I/O Standard ; 10-90 Rise Time ; 90-10 Fall Time ;
+-------------------------+--------------+-----------------+-----------------+
; clk50                   ; 3.3-V LVTTL  ; 2640 ps         ; 2640 ps         ;
; user_sw0                ; 3.3-V LVTTL  ; 2640 ps         ; 2640 ps         ;
; user_sw1                ; 3.3-V LVTTL  ; 2640 ps         ; 2640 ps         ;
; user_sw2                ; 3.3-V LVTTL  ; 2640 ps         ; 2640 ps         ;
; user_sw3                ; 3.3-V LVTTL  ; 2640 ps         ; 2640 ps         ;
; user_sw4                ; 3.3-V LVTTL  ; 2640 ps         ; 2640 ps         ;
; user_sw5                ; 3.3-V LVTTL  ; 2640 ps         ; 2640 ps         ;
; user_sw6                ; 3.3-V LVTTL  ; 2640 ps         ; 2640 ps         ;
; user_sw7                ; 3.3-V LVTTL  ; 2640 ps         ; 2640 ps         ;
; user_sw8                ; 3.3-V LVTTL  ; 2640 ps         ; 2640 ps         ;
; user_sw9                ; 3.3-V LVTTL  ; 2640 ps         ; 2640 ps         ;
; user_sw10               ; 3.3-V LVTTL  ; 2640 ps         ; 2640 ps         ;
; user_sw11               ; 3.3-V LVTTL  ; 2640 ps         ; 2640 ps         ;
; user_sw12               ; 3.3-V LVTTL  ; 2640 ps         ; 2640 ps         ;
; user_sw13               ; 3.3-V LVTTL  ; 2640 ps         ; 2640 ps         ;
; user_sw14               ; 3.3-V LVTTL  ; 2640 ps         ; 2640 ps         ;
; user_sw15               ; 3.3-V LVTTL  ; 2640 ps         ; 2640 ps         ;
; ~ALTERA_ASDO_DATA1~     ; 2.5 V        ; 2000 ps         ; 2000 ps         ;
; ~ALTERA_FLASH_nCE_nCSO~ ; 2.5 V        ; 2000 ps         ; 2000 ps         ;
; ~ALTERA_DATA0~          ; 2.5 V        ; 2000 ps         ; 2000 ps         ;
+-------------------------+--------------+-----------------+-----------------+


+--------------------------------------------------------------------------------------------------------------------------------------------------------------------------------------------------------------------------------------------------------------------------------------------------------------------------------------------------------------------------------------------------------------------------------------------------------------------------------------------------------------------------------------------------------------------------------------------------------------------------------------------------------------------------------------------+
; Signal Integrity Metrics (Slow 1200mv n40c Model)                                                                                                                                                                                                                                                                                                                                                                                                                                                                                                                                                                                                                                          ;
+---------------+--------------+---------------------+---------------------+------------------------------+------------------------------+---------------------+---------------------+--------------------------------------+--------------------------------------+-----------------------------+-----------------------------+----------------------------+----------------------------+-----------------------------+-----------------------------+--------------------+--------------------+-------------------------------------+-------------------------------------+----------------------------+----------------------------+---------------------------+---------------------------+
; Pin           ; I/O Standard ; Board Delay on Rise ; Board Delay on Fall ; Steady State Voh at FPGA Pin ; Steady State Vol at FPGA Pin ; Voh Max at FPGA Pin ; Vol Min at FPGA Pin ; Ringback Voltage on Rise at FPGA Pin ; Ringback Voltage on Fall at FPGA Pin ; 10-90 Rise Time at FPGA Pin ; 90-10 Fall Time at FPGA Pin ; Monotonic Rise at FPGA Pin ; Monotonic Fall at FPGA Pin ; Steady State Voh at Far-end ; Steady State Vol at Far-end ; Voh Max at Far-end ; Vol Min at Far-end ; Ringback Voltage on Rise at Far-end ; Ringback Voltage on Fall at Far-end ; 10-90 Rise Time at Far-end ; 90-10 Fall Time at Far-end ; Monotonic Rise at Far-end ; Monotonic Fall at Far-end ;
+---------------+--------------+---------------------+---------------------+------------------------------+------------------------------+---------------------+---------------------+--------------------------------------+--------------------------------------+-----------------------------+-----------------------------+----------------------------+----------------------------+-----------------------------+-----------------------------+--------------------+--------------------+-------------------------------------+-------------------------------------+----------------------------+----------------------------+---------------------------+---------------------------+
; user_led0     ; 3.3-V LVTTL  ; 0 s                 ; 0 s                 ; 3.08 V                       ; 6.31e-09 V                   ; 3.14 V              ; -0.145 V            ; 0.247 V                              ; 0.222 V                              ; 4.87e-10 s                  ; 4.27e-10 s                  ; Yes                        ; No                         ; 3.08 V                      ; 6.31e-09 V                  ; 3.14 V             ; -0.145 V           ; 0.247 V                             ; 0.222 V                             ; 4.87e-10 s                 ; 4.27e-10 s                 ; Yes                       ; No                        ;
; user_led1     ; 3.3-V LVTTL  ; 0 s                 ; 0 s                 ; 3.08 V                       ; 6.31e-09 V                   ; 3.14 V              ; -0.145 V            ; 0.247 V                              ; 0.222 V                              ; 4.87e-10 s                  ; 4.27e-10 s                  ; Yes                        ; No                         ; 3.08 V                      ; 6.31e-09 V                  ; 3.14 V             ; -0.145 V           ; 0.247 V                             ; 0.222 V                             ; 4.87e-10 s                 ; 4.27e-10 s                 ; Yes                       ; No                        ;
; user_led2     ; 3.3-V LVTTL  ; 0 s                 ; 0 s                 ; 3.08 V                       ; 6.31e-09 V                   ; 3.14 V              ; -0.145 V            ; 0.247 V                              ; 0.222 V                              ; 4.87e-10 s                  ; 4.27e-10 s                  ; Yes                        ; No                         ; 3.08 V                      ; 6.31e-09 V                  ; 3.14 V             ; -0.145 V           ; 0.247 V                             ; 0.222 V                             ; 4.87e-10 s                 ; 4.27e-10 s                 ; Yes                       ; No                        ;
; user_led3     ; 3.3-V LVTTL  ; 0 s                 ; 0 s                 ; 3.08 V                       ; 6.31e-09 V                   ; 3.14 V              ; -0.145 V            ; 0.247 V                              ; 0.222 V                              ; 4.87e-10 s                  ; 4.27e-10 s                  ; Yes                        ; No                         ; 3.08 V                      ; 6.31e-09 V                  ; 3.14 V             ; -0.145 V           ; 0.247 V                             ; 0.222 V                             ; 4.87e-10 s                 ; 4.27e-10 s                 ; Yes                       ; No                        ;
; user_led4     ; 3.3-V LVTTL  ; 0 s                 ; 0 s                 ; 3.08 V                       ; 6.31e-09 V                   ; 3.14 V              ; -0.145 V            ; 0.247 V                              ; 0.222 V                              ; 4.87e-10 s                  ; 4.27e-10 s                  ; Yes                        ; No                         ; 3.08 V                      ; 6.31e-09 V                  ; 3.14 V             ; -0.145 V           ; 0.247 V                             ; 0.222 V                             ; 4.87e-10 s                 ; 4.27e-10 s                 ; Yes                       ; No                        ;
; user_led5     ; 3.3-V LVTTL  ; 0 s                 ; 0 s                 ; 3.08 V                       ; 6.31e-09 V                   ; 3.14 V              ; -0.145 V            ; 0.247 V                              ; 0.222 V                              ; 4.87e-10 s                  ; 4.27e-10 s                  ; Yes                        ; No                         ; 3.08 V                      ; 6.31e-09 V                  ; 3.14 V             ; -0.145 V           ; 0.247 V                             ; 0.222 V                             ; 4.87e-10 s                 ; 4.27e-10 s                 ; Yes                       ; No                        ;
; user_led6     ; 3.3-V LVTTL  ; 0 s                 ; 0 s                 ; 3.08 V                       ; 6.31e-09 V                   ; 3.14 V              ; -0.145 V            ; 0.247 V                              ; 0.222 V                              ; 4.87e-10 s                  ; 4.27e-10 s                  ; Yes                        ; No                         ; 3.08 V                      ; 6.31e-09 V                  ; 3.14 V             ; -0.145 V           ; 0.247 V                             ; 0.222 V                             ; 4.87e-10 s                 ; 4.27e-10 s                 ; Yes                       ; No                        ;
; user_led7     ; 3.3-V LVTTL  ; 0 s                 ; 0 s                 ; 3.08 V                       ; 6.31e-09 V                   ; 3.14 V              ; -0.145 V            ; 0.247 V                              ; 0.222 V                              ; 4.87e-10 s                  ; 4.27e-10 s                  ; Yes                        ; No                         ; 3.08 V                      ; 6.31e-09 V                  ; 3.14 V             ; -0.145 V           ; 0.247 V                             ; 0.222 V                             ; 4.87e-10 s                 ; 4.27e-10 s                 ; Yes                       ; No                        ;
; user_led8     ; 3.3-V LVTTL  ; 0 s                 ; 0 s                 ; 3.08 V                       ; 6.31e-09 V                   ; 3.14 V              ; -0.145 V            ; 0.247 V                              ; 0.222 V                              ; 4.87e-10 s                  ; 4.27e-10 s                  ; Yes                        ; No                         ; 3.08 V                      ; 6.31e-09 V                  ; 3.14 V             ; -0.145 V           ; 0.247 V                             ; 0.222 V                             ; 4.87e-10 s                 ; 4.27e-10 s                 ; Yes                       ; No                        ;
; user_led9     ; 3.3-V LVTTL  ; 0 s                 ; 0 s                 ; 3.08 V                       ; 6.31e-09 V                   ; 3.09 V              ; -0.0157 V           ; 0.269 V                              ; 0.286 V                              ; 4.27e-09 s                  ; 3.05e-09 s                  ; Yes                        ; No                         ; 3.08 V                      ; 6.31e-09 V                  ; 3.09 V             ; -0.0157 V          ; 0.269 V                             ; 0.286 V                             ; 4.27e-09 s                 ; 3.05e-09 s                 ; Yes                       ; No                        ;
; user_led10    ; 3.3-V LVTTL  ; 0 s                 ; 0 s                 ; 3.08 V                       ; 6.31e-09 V                   ; 3.14 V              ; -0.145 V            ; 0.247 V                              ; 0.222 V                              ; 4.87e-10 s                  ; 4.27e-10 s                  ; Yes                        ; No                         ; 3.08 V                      ; 6.31e-09 V                  ; 3.14 V             ; -0.145 V           ; 0.247 V                             ; 0.222 V                             ; 4.87e-10 s                 ; 4.27e-10 s                 ; Yes                       ; No                        ;
; user_led11    ; 3.3-V LVTTL  ; 0 s                 ; 0 s                 ; 3.08 V                       ; 6.31e-09 V                   ; 3.14 V              ; -0.145 V            ; 0.247 V                              ; 0.222 V                              ; 4.87e-10 s                  ; 4.27e-10 s                  ; Yes                        ; No                         ; 3.08 V                      ; 6.31e-09 V                  ; 3.14 V             ; -0.145 V           ; 0.247 V                             ; 0.222 V                             ; 4.87e-10 s                 ; 4.27e-10 s                 ; Yes                       ; No                        ;
; user_led12    ; 3.3-V LVTTL  ; 0 s                 ; 0 s                 ; 3.08 V                       ; 6.31e-09 V                   ; 3.14 V              ; -0.145 V            ; 0.247 V                              ; 0.222 V                              ; 4.87e-10 s                  ; 4.27e-10 s                  ; Yes                        ; No                         ; 3.08 V                      ; 6.31e-09 V                  ; 3.14 V             ; -0.145 V           ; 0.247 V                             ; 0.222 V                             ; 4.87e-10 s                 ; 4.27e-10 s                 ; Yes                       ; No                        ;
; user_led13    ; 3.3-V LVTTL  ; 0 s                 ; 0 s                 ; 3.08 V                       ; 6.31e-09 V                   ; 3.14 V              ; -0.145 V            ; 0.247 V                              ; 0.222 V                              ; 4.87e-10 s                  ; 4.27e-10 s                  ; Yes                        ; No                         ; 3.08 V                      ; 6.31e-09 V                  ; 3.14 V             ; -0.145 V           ; 0.247 V                             ; 0.222 V                             ; 4.87e-10 s                 ; 4.27e-10 s                 ; Yes                       ; No                        ;
; user_led14    ; 3.3-V LVTTL  ; 0 s                 ; 0 s                 ; 3.08 V                       ; 6.31e-09 V                   ; 3.14 V              ; -0.145 V            ; 0.247 V                              ; 0.222 V                              ; 4.87e-10 s                  ; 4.27e-10 s                  ; Yes                        ; No                         ; 3.08 V                      ; 6.31e-09 V                  ; 3.14 V             ; -0.145 V           ; 0.247 V                             ; 0.222 V                             ; 4.87e-10 s                 ; 4.27e-10 s                 ; Yes                       ; No                        ;
; user_led15    ; 3.3-V LVTTL  ; 0 s                 ; 0 s                 ; 3.08 V                       ; 6.31e-09 V                   ; 3.09 V              ; -0.0157 V           ; 0.269 V                              ; 0.286 V                              ; 4.27e-09 s                  ; 3.05e-09 s                  ; Yes                        ; No                         ; 3.08 V                      ; 6.31e-09 V                  ; 3.09 V             ; -0.0157 V          ; 0.269 V                             ; 0.286 V                             ; 4.27e-09 s                 ; 3.05e-09 s                 ; Yes                       ; No                        ;
; ~ALTERA_DCLK~ ; 2.5 V        ; 0 s                 ; 0 s                 ; 2.32 V                       ; 1.16e-09 V                   ; 2.39 V              ; -0.0797 V           ; 0.13 V                               ; 0.103 V                              ; 2.71e-10 s                  ; 2.5e-10 s                   ; Yes                        ; Yes                        ; 2.32 V                      ; 1.16e-09 V                  ; 2.39 V             ; -0.0797 V          ; 0.13 V                              ; 0.103 V                             ; 2.71e-10 s                 ; 2.5e-10 s                  ; Yes                       ; Yes                       ;
; ~ALTERA_nCEO~ ; 2.5 V        ; 0 s                 ; 0 s                 ; 2.32 V                       ; 1.64e-09 V                   ; 2.39 V              ; -0.00331 V          ; 0.132 V                              ; 0.006 V                              ; 4.59e-10 s                  ; 5.62e-10 s                  ; No                         ; Yes                        ; 2.32 V                      ; 1.64e-09 V                  ; 2.39 V             ; -0.00331 V         ; 0.132 V                             ; 0.006 V                             ; 4.59e-10 s                 ; 5.62e-10 s                 ; No                        ; Yes                       ;
+---------------+--------------+---------------------+---------------------+------------------------------+------------------------------+---------------------+---------------------+--------------------------------------+--------------------------------------+-----------------------------+-----------------------------+----------------------------+----------------------------+-----------------------------+-----------------------------+--------------------+--------------------+-------------------------------------+-------------------------------------+----------------------------+----------------------------+---------------------------+---------------------------+


+--------------------------------------------------------------------------------------------------------------------------------------------------------------------------------------------------------------------------------------------------------------------------------------------------------------------------------------------------------------------------------------------------------------------------------------------------------------------------------------------------------------------------------------------------------------------------------------------------------------------------------------------------------------------------------------------+
; Signal Integrity Metrics (Slow 1200mv 100c Model)                                                                                                                                                                                                                                                                                                                                                                                                                                                                                                                                                                                                                                          ;
+---------------+--------------+---------------------+---------------------+------------------------------+------------------------------+---------------------+---------------------+--------------------------------------+--------------------------------------+-----------------------------+-----------------------------+----------------------------+----------------------------+-----------------------------+-----------------------------+--------------------+--------------------+-------------------------------------+-------------------------------------+----------------------------+----------------------------+---------------------------+---------------------------+
; Pin           ; I/O Standard ; Board Delay on Rise ; Board Delay on Fall ; Steady State Voh at FPGA Pin ; Steady State Vol at FPGA Pin ; Voh Max at FPGA Pin ; Vol Min at FPGA Pin ; Ringback Voltage on Rise at FPGA Pin ; Ringback Voltage on Fall at FPGA Pin ; 10-90 Rise Time at FPGA Pin ; 90-10 Fall Time at FPGA Pin ; Monotonic Rise at FPGA Pin ; Monotonic Fall at FPGA Pin ; Steady State Voh at Far-end ; Steady State Vol at Far-end ; Voh Max at Far-end ; Vol Min at Far-end ; Ringback Voltage on Rise at Far-end ; Ringback Voltage on Fall at Far-end ; 10-90 Rise Time at Far-end ; 90-10 Fall Time at Far-end ; Monotonic Rise at Far-end ; Monotonic Fall at Far-end ;
+---------------+--------------+---------------------+---------------------+------------------------------+------------------------------+---------------------+---------------------+--------------------------------------+--------------------------------------+-----------------------------+-----------------------------+----------------------------+----------------------------+-----------------------------+-----------------------------+--------------------+--------------------+-------------------------------------+-------------------------------------+----------------------------+----------------------------+---------------------------+---------------------------+
; user_led0     ; 3.3-V LVTTL  ; 0 s                 ; 0 s                 ; 3.08 V                       ; 3.85e-06 V                   ; 3.11 V              ; -0.0551 V           ; 0.242 V                              ; 0.181 V                              ; 6.97e-10 s                  ; 6.4e-10 s                   ; Yes                        ; No                         ; 3.08 V                      ; 3.85e-06 V                  ; 3.11 V             ; -0.0551 V          ; 0.242 V                             ; 0.181 V                             ; 6.97e-10 s                 ; 6.4e-10 s                  ; Yes                       ; No                        ;
; user_led1     ; 3.3-V LVTTL  ; 0 s                 ; 0 s                 ; 3.08 V                       ; 3.85e-06 V                   ; 3.11 V              ; -0.0551 V           ; 0.242 V                              ; 0.181 V                              ; 6.97e-10 s                  ; 6.4e-10 s                   ; Yes                        ; No                         ; 3.08 V                      ; 3.85e-06 V                  ; 3.11 V             ; -0.0551 V          ; 0.242 V                             ; 0.181 V                             ; 6.97e-10 s                 ; 6.4e-10 s                  ; Yes                       ; No                        ;
; user_led2     ; 3.3-V LVTTL  ; 0 s                 ; 0 s                 ; 3.08 V                       ; 3.85e-06 V                   ; 3.11 V              ; -0.0551 V           ; 0.242 V                              ; 0.181 V                              ; 6.97e-10 s                  ; 6.4e-10 s                   ; Yes                        ; No                         ; 3.08 V                      ; 3.85e-06 V                  ; 3.11 V             ; -0.0551 V          ; 0.242 V                             ; 0.181 V                             ; 6.97e-10 s                 ; 6.4e-10 s                  ; Yes                       ; No                        ;
; user_led3     ; 3.3-V LVTTL  ; 0 s                 ; 0 s                 ; 3.08 V                       ; 3.85e-06 V                   ; 3.11 V              ; -0.0551 V           ; 0.242 V                              ; 0.181 V                              ; 6.97e-10 s                  ; 6.4e-10 s                   ; Yes                        ; No                         ; 3.08 V                      ; 3.85e-06 V                  ; 3.11 V             ; -0.0551 V          ; 0.242 V                             ; 0.181 V                             ; 6.97e-10 s                 ; 6.4e-10 s                  ; Yes                       ; No                        ;
; user_led4     ; 3.3-V LVTTL  ; 0 s                 ; 0 s                 ; 3.08 V                       ; 3.85e-06 V                   ; 3.11 V              ; -0.0551 V           ; 0.242 V                              ; 0.181 V                              ; 6.97e-10 s                  ; 6.4e-10 s                   ; Yes                        ; No                         ; 3.08 V                      ; 3.85e-06 V                  ; 3.11 V             ; -0.0551 V          ; 0.242 V                             ; 0.181 V                             ; 6.97e-10 s                 ; 6.4e-10 s                  ; Yes                       ; No                        ;
; user_led5     ; 3.3-V LVTTL  ; 0 s                 ; 0 s                 ; 3.08 V                       ; 3.85e-06 V                   ; 3.11 V              ; -0.0551 V           ; 0.242 V                              ; 0.181 V                              ; 6.97e-10 s                  ; 6.4e-10 s                   ; Yes                        ; No                         ; 3.08 V                      ; 3.85e-06 V                  ; 3.11 V             ; -0.0551 V          ; 0.242 V                             ; 0.181 V                             ; 6.97e-10 s                 ; 6.4e-10 s                  ; Yes                       ; No                        ;
; user_led6     ; 3.3-V LVTTL  ; 0 s                 ; 0 s                 ; 3.08 V                       ; 3.85e-06 V                   ; 3.11 V              ; -0.0551 V           ; 0.242 V                              ; 0.181 V                              ; 6.97e-10 s                  ; 6.4e-10 s                   ; Yes                        ; No                         ; 3.08 V                      ; 3.85e-06 V                  ; 3.11 V             ; -0.0551 V          ; 0.242 V                             ; 0.181 V                             ; 6.97e-10 s                 ; 6.4e-10 s                  ; Yes                       ; No                        ;
; user_led7     ; 3.3-V LVTTL  ; 0 s                 ; 0 s                 ; 3.08 V                       ; 3.85e-06 V                   ; 3.11 V              ; -0.0551 V           ; 0.242 V                              ; 0.181 V                              ; 6.97e-10 s                  ; 6.4e-10 s                   ; Yes                        ; No                         ; 3.08 V                      ; 3.85e-06 V                  ; 3.11 V             ; -0.0551 V          ; 0.242 V                             ; 0.181 V                             ; 6.97e-10 s                 ; 6.4e-10 s                  ; Yes                       ; No                        ;
; user_led8     ; 3.3-V LVTTL  ; 0 s                 ; 0 s                 ; 3.08 V                       ; 3.85e-06 V                   ; 3.11 V              ; -0.0551 V           ; 0.242 V                              ; 0.181 V                              ; 6.97e-10 s                  ; 6.4e-10 s                   ; Yes                        ; No                         ; 3.08 V                      ; 3.85e-06 V                  ; 3.11 V             ; -0.0551 V          ; 0.242 V                             ; 0.181 V                             ; 6.97e-10 s                 ; 6.4e-10 s                  ; Yes                       ; No                        ;
; user_led9     ; 3.3-V LVTTL  ; 0 s                 ; 0 s                 ; 3.08 V                       ; 3.85e-06 V                   ; 3.08 V              ; -0.0048 V           ; 0.134 V                              ; 0.253 V                              ; 5.72e-09 s                  ; 4.47e-09 s                  ; Yes                        ; Yes                        ; 3.08 V                      ; 3.85e-06 V                  ; 3.08 V             ; -0.0048 V          ; 0.134 V                             ; 0.253 V                             ; 5.72e-09 s                 ; 4.47e-09 s                 ; Yes                       ; Yes                       ;
; user_led10    ; 3.3-V LVTTL  ; 0 s                 ; 0 s                 ; 3.08 V                       ; 3.85e-06 V                   ; 3.11 V              ; -0.0551 V           ; 0.242 V                              ; 0.181 V                              ; 6.97e-10 s                  ; 6.4e-10 s                   ; Yes                        ; No                         ; 3.08 V                      ; 3.85e-06 V                  ; 3.11 V             ; -0.0551 V          ; 0.242 V                             ; 0.181 V                             ; 6.97e-10 s                 ; 6.4e-10 s                  ; Yes                       ; No                        ;
; user_led11    ; 3.3-V LVTTL  ; 0 s                 ; 0 s                 ; 3.08 V                       ; 3.85e-06 V                   ; 3.11 V              ; -0.0551 V           ; 0.242 V                              ; 0.181 V                              ; 6.97e-10 s                  ; 6.4e-10 s                   ; Yes                        ; No                         ; 3.08 V                      ; 3.85e-06 V                  ; 3.11 V             ; -0.0551 V          ; 0.242 V                             ; 0.181 V                             ; 6.97e-10 s                 ; 6.4e-10 s                  ; Yes                       ; No                        ;
; user_led12    ; 3.3-V LVTTL  ; 0 s                 ; 0 s                 ; 3.08 V                       ; 3.85e-06 V                   ; 3.11 V              ; -0.0551 V           ; 0.242 V                              ; 0.181 V                              ; 6.97e-10 s                  ; 6.4e-10 s                   ; Yes                        ; No                         ; 3.08 V                      ; 3.85e-06 V                  ; 3.11 V             ; -0.0551 V          ; 0.242 V                             ; 0.181 V                             ; 6.97e-10 s                 ; 6.4e-10 s                  ; Yes                       ; No                        ;
; user_led13    ; 3.3-V LVTTL  ; 0 s                 ; 0 s                 ; 3.08 V                       ; 3.85e-06 V                   ; 3.11 V              ; -0.0551 V           ; 0.242 V                              ; 0.181 V                              ; 6.97e-10 s                  ; 6.4e-10 s                   ; Yes                        ; No                         ; 3.08 V                      ; 3.85e-06 V                  ; 3.11 V             ; -0.0551 V          ; 0.242 V                             ; 0.181 V                             ; 6.97e-10 s                 ; 6.4e-10 s                  ; Yes                       ; No                        ;
; user_led14    ; 3.3-V LVTTL  ; 0 s                 ; 0 s                 ; 3.08 V                       ; 3.85e-06 V                   ; 3.11 V              ; -0.0551 V           ; 0.242 V                              ; 0.181 V                              ; 6.97e-10 s                  ; 6.4e-10 s                   ; Yes                        ; No                         ; 3.08 V                      ; 3.85e-06 V                  ; 3.11 V             ; -0.0551 V          ; 0.242 V                             ; 0.181 V                             ; 6.97e-10 s                 ; 6.4e-10 s                  ; Yes                       ; No                        ;
; user_led15    ; 3.3-V LVTTL  ; 0 s                 ; 0 s                 ; 3.08 V                       ; 3.85e-06 V                   ; 3.08 V              ; -0.0048 V           ; 0.134 V                              ; 0.253 V                              ; 5.72e-09 s                  ; 4.47e-09 s                  ; Yes                        ; Yes                        ; 3.08 V                      ; 3.85e-06 V                  ; 3.08 V             ; -0.0048 V          ; 0.134 V                             ; 0.253 V                             ; 5.72e-09 s                 ; 4.47e-09 s                 ; Yes                       ; Yes                       ;
; ~ALTERA_DCLK~ ; 2.5 V        ; 0 s                 ; 0 s                 ; 2.32 V                       ; 7.77e-07 V                   ; 2.35 V              ; -0.00801 V          ; 0.087 V                              ; 0.01 V                               ; 4.39e-10 s                  ; 3.77e-10 s                  ; Yes                        ; Yes                        ; 2.32 V                      ; 7.77e-07 V                  ; 2.35 V             ; -0.00801 V         ; 0.087 V                             ; 0.01 V                              ; 4.39e-10 s                 ; 3.77e-10 s                 ; Yes                       ; Yes                       ;
; ~ALTERA_nCEO~ ; 2.5 V        ; 0 s                 ; 0 s                 ; 2.32 V                       ; 1.28e-06 V                   ; 2.34 V              ; -0.00738 V          ; 0.097 V                              ; 0.024 V                              ; 6.41e-10 s                  ; 8.13e-10 s                  ; Yes                        ; Yes                        ; 2.32 V                      ; 1.28e-06 V                  ; 2.34 V             ; -0.00738 V         ; 0.097 V                             ; 0.024 V                             ; 6.41e-10 s                 ; 8.13e-10 s                 ; Yes                       ; Yes                       ;
+---------------+--------------+---------------------+---------------------+------------------------------+------------------------------+---------------------+---------------------+--------------------------------------+--------------------------------------+-----------------------------+-----------------------------+----------------------------+----------------------------+-----------------------------+-----------------------------+--------------------+--------------------+-------------------------------------+-------------------------------------+----------------------------+----------------------------+---------------------------+---------------------------+


+--------------------------------------------------------------------------------------------------------------------------------------------------------------------------------------------------------------------------------------------------------------------------------------------------------------------------------------------------------------------------------------------------------------------------------------------------------------------------------------------------------------------------------------------------------------------------------------------------------------------------------------------------------------------------------------------+
; Signal Integrity Metrics (Fast 1200mv n40c Model)                                                                                                                                                                                                                                                                                                                                                                                                                                                                                                                                                                                                                                          ;
+---------------+--------------+---------------------+---------------------+------------------------------+------------------------------+---------------------+---------------------+--------------------------------------+--------------------------------------+-----------------------------+-----------------------------+----------------------------+----------------------------+-----------------------------+-----------------------------+--------------------+--------------------+-------------------------------------+-------------------------------------+----------------------------+----------------------------+---------------------------+---------------------------+
; Pin           ; I/O Standard ; Board Delay on Rise ; Board Delay on Fall ; Steady State Voh at FPGA Pin ; Steady State Vol at FPGA Pin ; Voh Max at FPGA Pin ; Vol Min at FPGA Pin ; Ringback Voltage on Rise at FPGA Pin ; Ringback Voltage on Fall at FPGA Pin ; 10-90 Rise Time at FPGA Pin ; 90-10 Fall Time at FPGA Pin ; Monotonic Rise at FPGA Pin ; Monotonic Fall at FPGA Pin ; Steady State Voh at Far-end ; Steady State Vol at Far-end ; Voh Max at Far-end ; Vol Min at Far-end ; Ringback Voltage on Rise at Far-end ; Ringback Voltage on Fall at Far-end ; 10-90 Rise Time at Far-end ; 90-10 Fall Time at Far-end ; Monotonic Rise at Far-end ; Monotonic Fall at Far-end ;
+---------------+--------------+---------------------+---------------------+------------------------------+------------------------------+---------------------+---------------------+--------------------------------------+--------------------------------------+-----------------------------+-----------------------------+----------------------------+----------------------------+-----------------------------+-----------------------------+--------------------+--------------------+-------------------------------------+-------------------------------------+----------------------------+----------------------------+---------------------------+---------------------------+
; user_led0     ; 3.3-V LVTTL  ; 0 s                 ; 0 s                 ; 3.46 V                       ; 2.74e-08 V                   ; 3.6 V               ; -0.154 V            ; 0.269 V                              ; 0.211 V                              ; 4.47e-10 s                  ; 4.04e-10 s                  ; No                         ; No                         ; 3.46 V                      ; 2.74e-08 V                  ; 3.6 V              ; -0.154 V           ; 0.269 V                             ; 0.211 V                             ; 4.47e-10 s                 ; 4.04e-10 s                 ; No                        ; No                        ;
; user_led1     ; 3.3-V LVTTL  ; 0 s                 ; 0 s                 ; 3.46 V                       ; 2.74e-08 V                   ; 3.6 V               ; -0.154 V            ; 0.269 V                              ; 0.211 V                              ; 4.47e-10 s                  ; 4.04e-10 s                  ; No                         ; No                         ; 3.46 V                      ; 2.74e-08 V                  ; 3.6 V              ; -0.154 V           ; 0.269 V                             ; 0.211 V                             ; 4.47e-10 s                 ; 4.04e-10 s                 ; No                        ; No                        ;
; user_led2     ; 3.3-V LVTTL  ; 0 s                 ; 0 s                 ; 3.46 V                       ; 2.74e-08 V                   ; 3.6 V               ; -0.154 V            ; 0.269 V                              ; 0.211 V                              ; 4.47e-10 s                  ; 4.04e-10 s                  ; No                         ; No                         ; 3.46 V                      ; 2.74e-08 V                  ; 3.6 V              ; -0.154 V           ; 0.269 V                             ; 0.211 V                             ; 4.47e-10 s                 ; 4.04e-10 s                 ; No                        ; No                        ;
; user_led3     ; 3.3-V LVTTL  ; 0 s                 ; 0 s                 ; 3.46 V                       ; 2.74e-08 V                   ; 3.6 V               ; -0.154 V            ; 0.269 V                              ; 0.211 V                              ; 4.47e-10 s                  ; 4.04e-10 s                  ; No                         ; No                         ; 3.46 V                      ; 2.74e-08 V                  ; 3.6 V              ; -0.154 V           ; 0.269 V                             ; 0.211 V                             ; 4.47e-10 s                 ; 4.04e-10 s                 ; No                        ; No                        ;
; user_led4     ; 3.3-V LVTTL  ; 0 s                 ; 0 s                 ; 3.46 V                       ; 2.74e-08 V                   ; 3.6 V               ; -0.154 V            ; 0.269 V                              ; 0.211 V                              ; 4.47e-10 s                  ; 4.04e-10 s                  ; No                         ; No                         ; 3.46 V                      ; 2.74e-08 V                  ; 3.6 V              ; -0.154 V           ; 0.269 V                             ; 0.211 V                             ; 4.47e-10 s                 ; 4.04e-10 s                 ; No                        ; No                        ;
; user_led5     ; 3.3-V LVTTL  ; 0 s                 ; 0 s                 ; 3.46 V                       ; 2.74e-08 V                   ; 3.6 V               ; -0.154 V            ; 0.269 V                              ; 0.211 V                              ; 4.47e-10 s                  ; 4.04e-10 s                  ; No                         ; No                         ; 3.46 V                      ; 2.74e-08 V                  ; 3.6 V              ; -0.154 V           ; 0.269 V                             ; 0.211 V                             ; 4.47e-10 s                 ; 4.04e-10 s                 ; No                        ; No                        ;
; user_led6     ; 3.3-V LVTTL  ; 0 s                 ; 0 s                 ; 3.46 V                       ; 2.74e-08 V                   ; 3.6 V               ; -0.154 V            ; 0.269 V                              ; 0.211 V                              ; 4.47e-10 s                  ; 4.04e-10 s                  ; No                         ; No                         ; 3.46 V                      ; 2.74e-08 V                  ; 3.6 V              ; -0.154 V           ; 0.269 V                             ; 0.211 V                             ; 4.47e-10 s                 ; 4.04e-10 s                 ; No                        ; No                        ;
; user_led7     ; 3.3-V LVTTL  ; 0 s                 ; 0 s                 ; 3.46 V                       ; 2.74e-08 V                   ; 3.6 V               ; -0.154 V            ; 0.269 V                              ; 0.211 V                              ; 4.47e-10 s                  ; 4.04e-10 s                  ; No                         ; No                         ; 3.46 V                      ; 2.74e-08 V                  ; 3.6 V              ; -0.154 V           ; 0.269 V                             ; 0.211 V                             ; 4.47e-10 s                 ; 4.04e-10 s                 ; No                        ; No                        ;
; user_led8     ; 3.3-V LVTTL  ; 0 s                 ; 0 s                 ; 3.46 V                       ; 2.74e-08 V                   ; 3.6 V               ; -0.154 V            ; 0.269 V                              ; 0.211 V                              ; 4.47e-10 s                  ; 4.04e-10 s                  ; No                         ; No                         ; 3.46 V                      ; 2.74e-08 V                  ; 3.6 V              ; -0.154 V           ; 0.269 V                             ; 0.211 V                             ; 4.47e-10 s                 ; 4.04e-10 s                 ; No                        ; No                        ;
; user_led9     ; 3.3-V LVTTL  ; 0 s                 ; 0 s                 ; 3.46 V                       ; 2.74e-08 V                   ; 3.48 V              ; -0.0214 V           ; 0.322 V                              ; 0.28 V                               ; 3.59e-09 s                  ; 2.79e-09 s                  ; No                         ; No                         ; 3.46 V                      ; 2.74e-08 V                  ; 3.48 V             ; -0.0214 V          ; 0.322 V                             ; 0.28 V                              ; 3.59e-09 s                 ; 2.79e-09 s                 ; No                        ; No                        ;
; user_led10    ; 3.3-V LVTTL  ; 0 s                 ; 0 s                 ; 3.46 V                       ; 2.74e-08 V                   ; 3.6 V               ; -0.154 V            ; 0.269 V                              ; 0.211 V                              ; 4.47e-10 s                  ; 4.04e-10 s                  ; No                         ; No                         ; 3.46 V                      ; 2.74e-08 V                  ; 3.6 V              ; -0.154 V           ; 0.269 V                             ; 0.211 V                             ; 4.47e-10 s                 ; 4.04e-10 s                 ; No                        ; No                        ;
; user_led11    ; 3.3-V LVTTL  ; 0 s                 ; 0 s                 ; 3.46 V                       ; 2.74e-08 V                   ; 3.6 V               ; -0.154 V            ; 0.269 V                              ; 0.211 V                              ; 4.47e-10 s                  ; 4.04e-10 s                  ; No                         ; No                         ; 3.46 V                      ; 2.74e-08 V                  ; 3.6 V              ; -0.154 V           ; 0.269 V                             ; 0.211 V                             ; 4.47e-10 s                 ; 4.04e-10 s                 ; No                        ; No                        ;
; user_led12    ; 3.3-V LVTTL  ; 0 s                 ; 0 s                 ; 3.46 V                       ; 2.74e-08 V                   ; 3.6 V               ; -0.154 V            ; 0.269 V                              ; 0.211 V                              ; 4.47e-10 s                  ; 4.04e-10 s                  ; No                         ; No                         ; 3.46 V                      ; 2.74e-08 V                  ; 3.6 V              ; -0.154 V           ; 0.269 V                             ; 0.211 V                             ; 4.47e-10 s                 ; 4.04e-10 s                 ; No                        ; No                        ;
; user_led13    ; 3.3-V LVTTL  ; 0 s                 ; 0 s                 ; 3.46 V                       ; 2.74e-08 V                   ; 3.6 V               ; -0.154 V            ; 0.269 V                              ; 0.211 V                              ; 4.47e-10 s                  ; 4.04e-10 s                  ; No                         ; No                         ; 3.46 V                      ; 2.74e-08 V                  ; 3.6 V              ; -0.154 V           ; 0.269 V                             ; 0.211 V                             ; 4.47e-10 s                 ; 4.04e-10 s                 ; No                        ; No                        ;
; user_led14    ; 3.3-V LVTTL  ; 0 s                 ; 0 s                 ; 3.46 V                       ; 2.74e-08 V                   ; 3.6 V               ; -0.154 V            ; 0.269 V                              ; 0.211 V                              ; 4.47e-10 s                  ; 4.04e-10 s                  ; No                         ; No                         ; 3.46 V                      ; 2.74e-08 V                  ; 3.6 V              ; -0.154 V           ; 0.269 V                             ; 0.211 V                             ; 4.47e-10 s                 ; 4.04e-10 s                 ; No                        ; No                        ;
; user_led15    ; 3.3-V LVTTL  ; 0 s                 ; 0 s                 ; 3.46 V                       ; 2.74e-08 V                   ; 3.48 V              ; -0.0214 V           ; 0.322 V                              ; 0.28 V                               ; 3.59e-09 s                  ; 2.79e-09 s                  ; No                         ; No                         ; 3.46 V                      ; 2.74e-08 V                  ; 3.48 V             ; -0.0214 V          ; 0.322 V                             ; 0.28 V                              ; 3.59e-09 s                 ; 2.79e-09 s                 ; No                        ; No                        ;
; ~ALTERA_DCLK~ ; 2.5 V        ; 0 s                 ; 0 s                 ; 2.62 V                       ; 1.87e-09 V                   ; 2.79 V              ; -0.0524 V           ; 0.19 V                               ; 0.066 V                              ; 2.63e-10 s                  ; 1.96e-10 s                  ; No                         ; Yes                        ; 2.62 V                      ; 1.87e-09 V                  ; 2.79 V             ; -0.0524 V          ; 0.19 V                              ; 0.066 V                             ; 2.63e-10 s                 ; 1.96e-10 s                 ; No                        ; Yes                       ;
; ~ALTERA_nCEO~ ; 2.5 V        ; 0 s                 ; 0 s                 ; 2.62 V                       ; 2.91e-09 V                   ; 2.73 V              ; -0.0159 V           ; 0.231 V                              ; 0.026 V                              ; 2.89e-10 s                  ; 4.54e-10 s                  ; Yes                        ; Yes                        ; 2.62 V                      ; 2.91e-09 V                  ; 2.73 V             ; -0.0159 V          ; 0.231 V                             ; 0.026 V                             ; 2.89e-10 s                 ; 4.54e-10 s                 ; Yes                       ; Yes                       ;
+---------------+--------------+---------------------+---------------------+------------------------------+------------------------------+---------------------+---------------------+--------------------------------------+--------------------------------------+-----------------------------+-----------------------------+----------------------------+----------------------------+-----------------------------+-----------------------------+--------------------+--------------------+-------------------------------------+-------------------------------------+----------------------------+----------------------------+---------------------------+---------------------------+


-------------------
; Clock Transfers ;
-------------------
Nothing to report.


---------------
; Report TCCS ;
---------------
No dedicated SERDES Transmitter circuitry present in device or used in design


---------------
; Report RSKM ;
---------------
No non-DPA dedicated SERDES Receiver circuitry present in device or used in design


+------------------------------------------------+
; Unconstrained Paths Summary                    ;
+---------------------------------+-------+------+
; Property                        ; Setup ; Hold ;
+---------------------------------+-------+------+
; Illegal Clocks                  ; 0     ; 0    ;
; Unconstrained Clocks            ; 0     ; 0    ;
; Unconstrained Input Ports       ; 16    ; 16   ;
; Unconstrained Input Port Paths  ; 16    ; 16   ;
; Unconstrained Output Ports      ; 16    ; 16   ;
; Unconstrained Output Port Paths ; 16    ; 16   ;
+---------------------------------+-------+------+


+-------------------------------------+
; Clock Status Summary                ;
+--------+-------+------+-------------+
; Target ; Clock ; Type ; Status      ;
+--------+-------+------+-------------+
; clk50  ; clk50 ; Base ; Constrained ;
+--------+-------+------+-------------+


+---------------------------------------------------------------------------------------------------+
; Unconstrained Input Ports                                                                         ;
+------------+--------------------------------------------------------------------------------------+
; Input Port ; Comment                                                                              ;
+------------+--------------------------------------------------------------------------------------+
; user_sw0   ; No input delay, min/max delays, false-path exceptions, or max skew assignments found ;
; user_sw1   ; No input delay, min/max delays, false-path exceptions, or max skew assignments found ;
; user_sw2   ; No input delay, min/max delays, false-path exceptions, or max skew assignments found ;
; user_sw3   ; No input delay, min/max delays, false-path exceptions, or max skew assignments found ;
; user_sw4   ; No input delay, min/max delays, false-path exceptions, or max skew assignments found ;
; user_sw5   ; No input delay, min/max delays, false-path exceptions, or max skew assignments found ;
; user_sw6   ; No input delay, min/max delays, false-path exceptions, or max skew assignments found ;
; user_sw7   ; No input delay, min/max delays, false-path exceptions, or max skew assignments found ;
; user_sw8   ; No input delay, min/max delays, false-path exceptions, or max skew assignments found ;
; user_sw9   ; No input delay, min/max delays, false-path exceptions, or max skew assignments found ;
; user_sw10  ; No input delay, min/max delays, false-path exceptions, or max skew assignments found ;
; user_sw11  ; No input delay, min/max delays, false-path exceptions, or max skew assignments found ;
; user_sw12  ; No input delay, min/max delays, false-path exceptions, or max skew assignments found ;
; user_sw13  ; No input delay, min/max delays, false-path exceptions, or max skew assignments found ;
; user_sw14  ; No input delay, min/max delays, false-path exceptions, or max skew assignments found ;
; user_sw15  ; No input delay, min/max delays, false-path exceptions, or max skew assignments found ;
+------------+--------------------------------------------------------------------------------------+


+-----------------------------------------------------------------------------------------------------+
; Unconstrained Output Ports                                                                          ;
+-------------+---------------------------------------------------------------------------------------+
; Output Port ; Comment                                                                               ;
+-------------+---------------------------------------------------------------------------------------+
; user_led0   ; No output delay, min/max delays, false-path exceptions, or max skew assignments found ;
; user_led1   ; No output delay, min/max delays, false-path exceptions, or max skew assignments found ;
; user_led2   ; No output delay, min/max delays, false-path exceptions, or max skew assignments found ;
; user_led3   ; No output delay, min/max delays, false-path exceptions, or max skew assignments found ;
; user_led4   ; No output delay, min/max delays, false-path exceptions, or max skew assignments found ;
; user_led5   ; No output delay, min/max delays, false-path exceptions, or max skew assignments found ;
; user_led6   ; No output delay, min/max delays, false-path exceptions, or max skew assignments found ;
; user_led7   ; No output delay, min/max delays, false-path exceptions, or max skew assignments found ;
; user_led8   ; No output delay, min/max delays, false-path exceptions, or max skew assignments found ;
; user_led9   ; No output delay, min/max delays, false-path exceptions, or max skew assignments found ;
; user_led10  ; No output delay, min/max delays, false-path exceptions, or max skew assignments found ;
; user_led11  ; No output delay, min/max delays, false-path exceptions, or max skew assignments found ;
; user_led12  ; No output delay, min/max delays, false-path exceptions, or max skew assignments found ;
; user_led13  ; No output delay, min/max delays, false-path exceptions, or max skew assignments found ;
; user_led14  ; No output delay, min/max delays, false-path exceptions, or max skew assignments found ;
; user_led15  ; No output delay, min/max delays, false-path exceptions, or max skew assignments found ;
+-------------+---------------------------------------------------------------------------------------+


+---------------------------------------------------------------------------------------------------+
; Unconstrained Input Ports                                                                         ;
+------------+--------------------------------------------------------------------------------------+
; Input Port ; Comment                                                                              ;
+------------+--------------------------------------------------------------------------------------+
; user_sw0   ; No input delay, min/max delays, false-path exceptions, or max skew assignments found ;
; user_sw1   ; No input delay, min/max delays, false-path exceptions, or max skew assignments found ;
; user_sw2   ; No input delay, min/max delays, false-path exceptions, or max skew assignments found ;
; user_sw3   ; No input delay, min/max delays, false-path exceptions, or max skew assignments found ;
; user_sw4   ; No input delay, min/max delays, false-path exceptions, or max skew assignments found ;
; user_sw5   ; No input delay, min/max delays, false-path exceptions, or max skew assignments found ;
; user_sw6   ; No input delay, min/max delays, false-path exceptions, or max skew assignments found ;
; user_sw7   ; No input delay, min/max delays, false-path exceptions, or max skew assignments found ;
; user_sw8   ; No input delay, min/max delays, false-path exceptions, or max skew assignments found ;
; user_sw9   ; No input delay, min/max delays, false-path exceptions, or max skew assignments found ;
; user_sw10  ; No input delay, min/max delays, false-path exceptions, or max skew assignments found ;
; user_sw11  ; No input delay, min/max delays, false-path exceptions, or max skew assignments found ;
; user_sw12  ; No input delay, min/max delays, false-path exceptions, or max skew assignments found ;
; user_sw13  ; No input delay, min/max delays, false-path exceptions, or max skew assignments found ;
; user_sw14  ; No input delay, min/max delays, false-path exceptions, or max skew assignments found ;
; user_sw15  ; No input delay, min/max delays, false-path exceptions, or max skew assignments found ;
+------------+--------------------------------------------------------------------------------------+


+-----------------------------------------------------------------------------------------------------+
; Unconstrained Output Ports                                                                          ;
+-------------+---------------------------------------------------------------------------------------+
; Output Port ; Comment                                                                               ;
+-------------+---------------------------------------------------------------------------------------+
; user_led0   ; No output delay, min/max delays, false-path exceptions, or max skew assignments found ;
; user_led1   ; No output delay, min/max delays, false-path exceptions, or max skew assignments found ;
; user_led2   ; No output delay, min/max delays, false-path exceptions, or max skew assignments found ;
; user_led3   ; No output delay, min/max delays, false-path exceptions, or max skew assignments found ;
; user_led4   ; No output delay, min/max delays, false-path exceptions, or max skew assignments found ;
; user_led5   ; No output delay, min/max delays, false-path exceptions, or max skew assignments found ;
; user_led6   ; No output delay, min/max delays, false-path exceptions, or max skew assignments found ;
; user_led7   ; No output delay, min/max delays, false-path exceptions, or max skew assignments found ;
; user_led8   ; No output delay, min/max delays, false-path exceptions, or max skew assignments found ;
; user_led9   ; No output delay, min/max delays, false-path exceptions, or max skew assignments found ;
; user_led10  ; No output delay, min/max delays, false-path exceptions, or max skew assignments found ;
; user_led11  ; No output delay, min/max delays, false-path exceptions, or max skew assignments found ;
; user_led12  ; No output delay, min/max delays, false-path exceptions, or max skew assignments found ;
; user_led13  ; No output delay, min/max delays, false-path exceptions, or max skew assignments found ;
; user_led14  ; No output delay, min/max delays, false-path exceptions, or max skew assignments found ;
; user_led15  ; No output delay, min/max delays, false-path exceptions, or max skew assignments found ;
+-------------+---------------------------------------------------------------------------------------+


+--------------------------+
; Timing Analyzer Messages ;
+--------------------------+
Info: *******************************************************************
Info: Running Quartus Prime Timing Analyzer
    Info: Version 21.1.0 Build 842 10/21/2021 SJ Lite Edition
    Info: Copyright (C) 2021  Intel Corporation. All rights reserved.
    Info: Your use of Intel Corporation's design tools, logic functions 
    Info: and other software and tools, and any partner logic 
    Info: functions, and any output files from any of the foregoing 
    Info: (including device programming or simulation files), and any 
    Info: associated documentation or information are expressly subject 
    Info: to the terms and conditions of the Intel Program License 
    Info: Subscription Agreement, the Intel Quartus Prime License Agreement,
    Info: the Intel FPGA IP License Agreement, or other applicable license
    Info: agreement, including, without limitation, that your use is for
    Info: the sole purpose of programming logic devices manufactured by
    Info: Intel and sold by Intel or its authorized distributors.  Please
    Info: refer to the applicable agreement for further details, at
    Info: https://fpgasoftware.intel.com/eula.
    Info: Processing started: Tue May 17 10:24:37 2022
Info: Command: quartus_sta top -c top
Info: qsta_default_script.tcl version: #1
Warning (18236): Number of processors has not been specified which may cause overloading on shared machines.  Set the global assignment NUM_PARALLEL_PROCESSORS in your QSF to an appropriate value for best performance.
Info (20030): Parallel compilation is enabled and will use 4 of the 4 processors detected
Info (21076): High junction temperature operating condition is not set. Assuming a default value of '100'.
Info (21076): Low junction temperature operating condition is not set. Assuming a default value of '-40'.
Info (332104): Reading SDC File: 'top.sdc'
Info: Found TIMING_ANALYZER_REPORT_SCRIPT_INCLUDE_DEFAULT_ANALYSIS = ON
Info: Analyzing Slow 1200mV 100C Model
Info (332140): No fmax paths to report
Info (332140): No Setup paths to report
Info (332140): No Hold paths to report
Info (332140): No Recovery paths to report
Info (332140): No Removal paths to report
Info (332146): Worst-case minimum pulse width slack is 6.000
    Info (332119):     Slack       End Point TNS Clock 
    Info (332119): ========= =================== =====================
    Info (332119):     6.000               0.000 clk50 
Info: Analyzing Slow 1200mV -40C Model
Info (334003): Started post-fitting delay annotation
Info (334004): Delay annotation completed successfully
Info (332140): No fmax paths to report
Info (332140): No Setup paths to report
Info (332140): No Hold paths to report
Info (332140): No Recovery paths to report
Info (332140): No Removal paths to report
Info (332146): Worst-case minimum pulse width slack is 6.000
    Info (332119):     Slack       End Point TNS Clock 
    Info (332119): ========= =================== =====================
    Info (332119):     6.000               0.000 clk50 
Info: Analyzing Fast 1200mV -40C Model
Info (332140): No Setup paths to report
Info (332140): No Hold paths to report
Info (332140): No Recovery paths to report
Info (332140): No Removal paths to report
Info (332146): Worst-case minimum pulse width slack is 6.000
    Info (332119):     Slack       End Point TNS Clock 
    Info (332119): ========= =================== =====================
    Info (332119):     6.000               0.000 clk50 
Info (332102): Design is not fully constrained for setup requirements
Info (332102): Design is not fully constrained for hold requirements
Info: Quartus Prime Timing Analyzer was successful. 0 errors, 1 warning
    Info: Peak virtual memory: 589 megabytes
    Info: Processing ended: Tue May 17 10:24:40 2022
    Info: Elapsed time: 00:00:03
    Info: Total CPU time (on all processors): 00:00:02


