# vsim -c RANCNetworkGrid_1x1_tb -wlf vsim.wlf -solvefaildebug -assertdebug -voptargs="+acc" -l vsim.log -do "add wave -r /RANCNetworkGrid_1x1_tb/*; run -all; quit" 
# Start time: 14:17:36 on Aug 26,2022
# ** Note: (vsim-3812) Design is being optimized...
# ** Note: (vopt-143) Recognized 1 FSM in module "neuron_grid_controller(fast)".
# //  Questa Sim-64
# //  Version 10.6 linux_x86_64 Dec 13 2016
# //
# //  Copyright 1991-2016 Mentor Graphics Corporation
# //  All Rights Reserved.
# //
# //  QuestaSim and its associated documentation contain trade
# //  secrets and commercial or financial information that are the property of
# //  Mentor Graphics Corporation and are privileged, confidential,
# //  and exempt from disclosure under the Freedom of Information Act,
# //  5 U.S.C. Section 552. Furthermore, this information
# //  is prohibited from disclosure under the Trade Secrets Act,
# //  18 U.S.C. Section 1905.
# //
# Loading sv_std.std
# Loading work.RANCNetworkGrid_1x1_tb(fast)
# Loading work.snn_1x1_wrapper(fast)
# Loading work.RANCNetworkGrid_1x1(fast)
# Loading work.Core_1x1(fast)
# Loading work.Scheduler(fast)
# Loading work.SchedulerSRAM(fast)
# Loading work.Counter(fast)
# Loading work.neuron_grid_1x1(fast)
# Loading work.neuron_grid_controller(fast)
# Loading work.neuron_grid_datapath_1x1(fast)
# Loading work.neuron_block(fast)
# Loading work.Router(fast)
# Loading work.FromLocal(fast)
# Loading work.buffer(fast)
# Loading work.ForwardEastWest(fast)
# Loading work.Merge2(fast)
# Loading work.PathDecoder3Way(fast)
# Loading work.buffer(fast__1)
# Loading work.ForwardEastWest(fast__1)
# Loading work.PathDecoder3Way(fast__1)
# Loading work.ForwardNorthSouth(fast)
# Loading work.Merge3(fast)
# Loading work.PathDecoder2Way(fast)
# Loading work.buffer(fast__2)
# Loading work.ForwardNorthSouth(fast__1)
# Loading work.PathDecoder2Way(fast__1)
# Loading work.LocalIn(fast)
# Loading work.Merge2(fast__1)
# Loading work.OutputBus(fast)
# Loading work.load_param_fifo(fast)
# Loading work.async_fifo(fast)
# Loading work.sync_r2w(fast)
# Loading work.sync_w2r(fast)
# Loading work.wptr_full(fast)
# Loading work.fifomem(fast)
# Loading work.rptr_empty(fast)
# Loading work.load_param_fifo(fast__1)
# Loading work.async_fifo(fast__1)
# Loading work.fifomem(fast__1)
# Loading work.async_fifo(fast__2)
# Loading work.fifomem(fast__2)
# Loading work.sync_signal(fast)
# add wave -r /RANCNetworkGrid_1x1_tb/*
#  run -all
# ** Warning: (vsim-PLI-3407) Too many data words read on line 100 of file "./../../data/tb_num_inputs.txt". (Current address [100], address range [0:99])    : ../tb/RANCNetworkGrid_1x1_tb.sv(47)
#    Time: 0 ps  Iteration: 0  Instance: /RANCNetworkGrid_1x1_tb
# ** Warning: (vsim-PLI-3407) Too many data words read on line 3059 of file "./../../data/tb_input.txt". (Current address [3058], address range [0:3057])    : ../tb/RANCNetworkGrid_1x1_tb.sv(51)
#    Time: 0 ps  Iteration: 0  Instance: /RANCNetworkGrid_1x1_tb
# ** Warning: (vsim-PLI-3407) Too many data words read on line 100 of file "./../../data/simulator_output.txt". (Current address [100], address range [0:99])    : ../tb/RANCNetworkGrid_1x1_tb.sv(59)
#    Time: 0 ps  Iteration: 0  Instance: /RANCNetworkGrid_1x1_tb
# ERROR          -1
# param           0: 551172822824383793502180389269563149509970107850046056191780639277522788185710159090130493793584274507638509568
# param           1: 363383449536081120314908353352203209725357372145249510471035526848272203011510312384937339349891257900822695952
# param           2: 551138205213989967220195591119411081581713255560730837563889758609314016278726054452955266943946531602931126304
# param           3:  25085672245743599603898501633408424406644753101061678095150644950181224031853148734098275841484194105029300272
# param           4: 100133313064825120962328757583614589354854844192557197667012234717678299356008615634738885295557819902927573056
# param           5: 250496573659751939013530819409823412220246229824774166806271751583791849122060564255506848006957937893444685904
# param           6: 400547301146780097259349596516271940965523066996167610688702833503273880076983464102657509731594725550632996960
# param           7: 216709643304690323149624284993407370144285074615300360994153395069180274300747158866037664806341068794550554736
# param           8: 175378183061894567242476739419108549242718558487551582221586402375554891914301701452820664278969055853953421440
# param           9:  12601102449866827355066787946130928277052842975468711179034195155996789729910591888148701492387134591450747024
# param          10: 475902491747368957870893515405698156422592868666788556351514058864938688731450821086867859725560494209164644512
# param          11: 400824814733226923877072320780675884951799435095966947722008363935452540902518904778052026837483703036540883120
# param          12: 551170350379976119934572988907425902157030866344801270474371383968693293582674281392519508053627367933098332352
# param          13: 551131528090997345217990424714016995458344045472092459169695791669171001340309495773924383962256605670891589840
# param          14: 325663124535953677778864667412159747907417276878641633851349683689429606283796958841895937785631431524800794848
# param          15: 551126957121927017106705349068160684452684935702417587468431069731115291390940337805545801636910694896957919472
# param          16: 400742248811021390745991809509348818748134721534628071288670585018776159948259681947943391300452360645634953472
# param          17: 338194077182407743908820160186463353384486830873469037114427255271156766933023837845940976007090309519107952912
# param          18: 100225160935301678961124145268530812170800461966981692653975949489446941961440425284708733871675667264764383520
# param          19:  44011904089047635042991308259463078921385141940998714162164652768701385188954645525498183332592301066485240112
# param          20: 100222831241001145485428317190569467581620662650814842239640595582934814595348791301333813327122499709538668864
# param          21: 288000736892314723336830196437096222983306016094002017357866724044233232417767380117422847018337029348858532176
# param          22: 475996632756545141936603059616394342133161940079867432320700575855990943204473748107612394294930944874212495712
# param          23: 325650574124637931187793532735671300787669976223570598024274465089672524835839253517958080062711314683571212656
# param          24: 551168230348345153271166613843560511712120188863485685859766877247137535418324412368397185524870691096042148224
# param          25: 325646151607237952724312839686272484522476580717879348929893922489269784915576004128725185806764071087683670416
# param          26: 250417175458406770118379844122147574731254540455513743204738037895449849786244137599677447778262542570611544480
# param          27: 272620583921857777314298572865178327379631911049452612201687078042449885006157970271422154896457463240432030128
# param          28: 400866007996122730411259246946629139111517272330517505646951299811905105491259845978916604206534228649864860096
# param          29: 529294195663063508348178636180110814603395874495749390190686322670930404302446322617822025054732781659044712912
# param          30: 306853295811937116588769799875068338777438084666035592334797751477300376209101794252215303034335988617964425696
# param          31: 100117366598711016586909338064164464725338470914075162887048123715234291717392753214151173839621328269058511344
# param          32: 400769769518795164255822354974597014225075713887523823920169027121515941973729358745248204634426593552543781376
# param          33: 475968740673632289319202803428300440814769227057507731054206622786965908271703743959402914149558345632810275344
# param          34: 475995378375355285101024009129019741885508499541244703556113681384501967556368045369897739849520296355851932192
# param          35:  25054740886091523476490275280537533584610897579123580393444956170700574738451910800225838403080336760849306160
# param          36: 100124211080124053972256329466656025313480786382081425659084742570245742856465580809789924098516950566005903936
# param          37: 573785093123841340419784887482083513612434145483965196071383500272267723601934756037490682070718622969129603664
# param          38: 325692093601790620318332193232728718315950473497816648823735400365774666332784142349015845062304209687768207968
# param          39: 202670321633417442195346400808526321317941978995664757765717037998937959390167247142824240242757749992130089584
# param          40: 400836282114365560834907424111271593769818315289430562736059312003991899774614528227826572664099840248013394560
# param          41: 513469998971801750466258705135445368631522870509938108610550462144458450353631322478495736863348991521873466000
# param          42: 175403858049521844611008505786853322767150985006486011820056856590431021267131880469829082664583183179823714976
# param          43: 175396501724759704095499607202530312011922302094185604420908415616669760408107995345615730384245559639419130544
# param          44: 100242326434168933001448352921383178228306744453611092550881028436701931190263766546150762888974340088993419968
# param          45: 551105563558361813449455895265435127496423947372098029404828066595170158530173736825864415613853546939234128592
# param          46: 100209070455641652561481723609249856116139935652683355275697700674330456124810238328264673936143272631183872736
# param          47: 368920502082681017639700490554433044384905847834631059751240449361024475812318567700709235351167961263585104624
# param          48: 175357879628671205294806272141926244926863104246963511274381721566713634493393719828769730004051226323195007744
# param          49: 165959303990099918769780737606563746720736954515751493115068922511150686115419700435545410283148555052254237456
# param          50:  25083229793314563294752551323035459449514834451000843622621250947661817109198286144314021829978982640026391328
# param          51: 400710139448794916420544631953285570409881248962652068020548321886191331153319509275718694703360408984259400496
# param          52: 325655397562249207551685776299230882635429212296736156470070683877815783412273319793311753505878531153627976512
# param          53: 250538719122654475457513880684631556153550589538586799505281245599307577373081691047270179145106910808587113296
# param          54: 250530697604246167210226538351582329490314812500117567142991414362954748707684086645797650879842807414182122336
# param          55: 100180908257494817559000458639234177838130192367948005696744156648604444532407869245500576156002206270393160560
# param          56: 325614114648402683538601675901828945982635741548503670889367128776460987006978793647978883296457027761630876544
# param          57: 413844826314972686447150060747910640045144828944315710086146393770367533975321393427832792286654137579952149392
# param          58:  25067094811654511915545216500041002183316426201633301597222944220290961909081615703126106934400202634657010592
# param          59: 469361793928946768807162188223922020521976567324563144988510245583598832833119212683453577926218901211102319536
# param          60: 175350965469393256645857243913088513170626608517460154771075933681945996146389390722062753155951845786005803968
# param          61: 288273662206187476767986501079369484159449752307372273425980770950757450109674633569413516588654924574182347728
# param          62: 325616407657073764613566731119740926522855806013433369057810651348204496981076250283175964513097950075889390560
# param          63:  25076372879331563745095602741063072850109177084333728446324134821048924079812329777458327727483473257885078512
# param          64: 551109823361104503987291704316168861372815204469225948349260554169532383018452821833014392352787971914277590016
# param          65: 250421034483736777816879719988115118036409042566493050965336540756863698252665360214449563354911691490782614544
# param          66: 532214763193997673888776655396521475783244769653180402192459648509066845109590929731002432286898335288064480288
# param          67: 491601869265033415466851359062472346870656137530600460846976979826383986722883776809871759266132333942840235056
# param          68: 475962122568119677374354142055626510819019026490034454577657515718433962438820366079257178037184119588459123776
# param          69: 161414983630785204336555146247912770781131254298031290840424504465876459723591338308297983296954208379587269712
# param          70: 475962122720045122017095346110439850357085965492687265364940481440480355828668019863452611366286762834063791200
# param          71: 325786108717084073333773816057285020609275991051422812465267785611677939881965447704799489422153836471051621488
# param          72: 400772064014431691660476577035939723658548781606944323033132836811900004320016621205693033799660761266570400896
# param          73: 175358226382975359485802117763497333937516025449852810903830269956882549970948953469889253008657789275374359696
# param          74: 325689511864334827554468089317573778979529988338881875448753443270457100592836653971401865327663578930680435872
# param          75:  25088847022172709905192791838901211215902748376334369839217560640309441318950064334257416746604906076455310512
# param          76: 400753716028236620239748356174022858307379925381289344431738712662083728091754454835797284684757315508622070976
# param          77: 568509583098857141601024090956205897219432937262844240958181559910264211726153311019058135397143378805489931472
# param          78: 156612996531493047205342035831603777493799934365458340375937511115538092000235794606069650766254371017773290720
# param          79: 106528041637979992449649677474148090536387874980873821964713401072283844055032584249021725532450395674518754544
# param          80: 175350965684941050236523121610928098903539972078639518797054560645592432953729920720759423553429592677954884864
# param          81: 438385441136202875398574292308187593910298784915696093170569260967461296397152451174039225306601418915856782608
# param          82: 250554927496178690688766504876172069312096993029285508456620898252189935037390405748781769208940082548906661152
# param          83: 175357843235362237834487785483600883008136153928204945252968504830831748446161250933935902768262185206406976816
# param          84: 175404857146528511074279260294486485313795823091816794889598310602996473488629695465863665749850435028391040320
# param          85: 100160147597776868340605383191286166882213723373545667096287765969314563768890485801014955463463848010326218064
# param          86:  25064882014603066379455798043168534496691021115692985286115334039284823233701824241453015976019891494544479584
# param          87: 200380308735584632662505601286004332456769031790139974267930382715603154944744847718012411613037719930840028528
# param          88:  25085182990269001464718557844877070304591877409287715987424989504145191728265735302585576741720652911470450048
# param          89: 309641782434245293074116159461751952330072203692133594849109745528043019795433281546699729915950053303166965136
# param          90: 551120072496269831180573907146267232199214413567347498120739467106416770412153685676630983832513151079146329504
# param          91: 551230142338688242637844241962601707429411601585301953446824128790028241266501677147315419580257864690251601328
# param          92: 400799406689932316156983107592685141602604342399453308381500617221770801629671230764029527860663670687154574784
# param          93: 400801862843894369703956761773851954072651191551165881976699410686236045929116401405987016526092178601587774928
# param          94: 400836282286882641162072306618246898065209413656191897477558942772927572063001187778980443372389256443876873696
# param          95: 476016690265286838217077594492701781163571272020087537435759379510629303437562963788748162790818257254614046192
# param          96: 100206777165909139778080340441159458726396356803834001083367597654885524364529573837098262502231468494244812288
# param          97: 263196754185202782521385727401073689817767866902696205755639843830121063355609577447343150883513783320154478096
# param          98: 250444515957609276620764861897336862592493185962213620901159900394189547581103502526941595853842178292146247200
# param          99: 162889621781144697398500723046392358331688304612636733818319286104478643585066550862179411569471965221349234224
# param         100: 175396835587030684954215277793523462914937248165970398245618276187376207738081045507072199525712909413715547712
# param         101: 100179257083185967426422707202179071750169696010236587781199181848764024675965240208470151907210992465465054800
# param         102:  25082889235661153413964476963355950232138398456528400093254267771537044305244348927271487944536409923326580320
# param         103: 325655278218695642305649367436244881569170098038248709217037127717050783652757377916004290606738504734486828656
# param         104: 475963268550451509555706232271766111917936616083318154970541928534338208378230890270468775468154866107592742528
# param         105: 475976688277276212295172665374751048335054788670647870036426804429974965557940316813721161840875415986134587024
# param         106: 100234299013691417830429414743197720491343410293734814290955144502824025249679975149676748681223235225805395616
# param         107: 501307241563181442093985691413004707410988826378557647537366857664033179706773847381517946398784048658932307632
# param         108:  25039653395649843190889532656999088853644968600781150516131333022585224324932121440755145487524829097782941376
# param         109: 538237604614056204293125896444357777145147491233437520369159537628908591141612498145144432708360180402355181264
# param         110: 400854630105913278252927784968944076998810885415190504805194149528164348908158083590377273264287608642847381216
# param         111: 250171753150034855321191381646529439854207880317609678511051039289516533044425513354080966155542618695851316976
# param         112:  24968482983952152167568411004758024498434063968851446334884374998738119398300034389292726898402476080175781632
# param         113: 175366685539454658869606386122938876199665995439199004204720108230525651748449564044201764811269871203566753552
# param         114: 400812110701857398583541063882489554359418114038662382108745741616807119118425185988631183501769794950491281184
# param         115: 475954290206308518930545363649231380884698636634554310274071472920421708182446718700909747564267392122776196912
# param         116: 476014873321924479316991111420935470494277534320115092989298324497438178631484603531212970734818972254813034304
# param         117: 357154072646803325650710406328944519679732771024320914325017068495045920559472426249750941676796938864727955280
# param         118: 400831679510037624583009577887876561203676623481033399978670097171518823186411591782839099184531665048733488992
# param         119: 453812758129821303000296968774332774894472089422086239042397918997508258026460742958149729032881042291096033136
# param         120: 400859217238523943996190803852425216284359639962137022390489392149000607241051237237538079914378392882041067392
# param         121: 250522674007990866092880805308231192014503925485598052564153970573577031897503647669579592813299859942488938384
# param         122: 250501855327847245711384977377481381597152112205072072546900620980983909904048786483648059186756372037453748128
# param         123: 175387380224302347798518891674293485225618918711667454517390045114649900662319762640907526850274823656645334960
# param         124: 400744542221328704547879804235950055175049013492619730366333114468480601093707244827133184555142491084750329792
# param         125: 551106795004709913353817659112594266707972593237029540980755110458504646505065419233425803690735455276158162896
# param         126: 325666864765519927710152535466621040435402558748410956408057155311181043568031240826069651220257265981501478880
# param         127: 418407037272240118326668662633046309178024688164587540288613225100029014327701625255821682537396454799337068528
# param         128: 250557150600957935096036173843529485431019351717184928175991802719269159563236364705212735373191210173181466624
# param         129: 394487193971391945029626934195959262448346813363554214835989465122887658023343071637828711577531383621605136400
# param         130: 100108156591283534852750527610047049095110710757714602155459938887431782849475684921264726711240800979547854880
# param         131: 513498649748962516612866460722610007378121489075842381288796820300994596465111643945563109994154084451559151664
# param         132:  25085522321114563393988967730292323887469258263658278892510823270172155517996431295588692371190764922707384384
# param         133: 551149616684807082683014292961792879434366204006286991038453290734098561146892843580933935192178433901815928912
# param         134: 551151894487382527776435894457539350406163081088433203679537700851840899573220334027039075533540579104167827552
# param         135: 551095942028333355019266439421233937248284972092356508466965164690725425549445271295577016391248443768150431856
# param         136:  25058001308775766302009495651706600197081371772164930736565402502988311838092800061441665737776697686043400320
# param         137:  50098228471344625178457710120234527584963419119853998610479454099019698443293678355877142930189945627218024592
# param         138: 400854674975285816245451655865753226488025638538600701520283652682090663915185049235015160587681579348384553120
# param         139:  88016354085733939793373784323530904818354974252903414977496914034364799704782285889261118770572890439849875632
# param         140: 400797294667591588232144736480722781217075494041213751200899328603178792726046776612511154007796911603181426880
# param         141: 363181621702644513067630014583847638525134472176840465848464722946547679673278991971994280941509300715318679760
# param         142: 475989644904411298904922307613002287361102344432720729126547864705463100199687100873903757708267691897056663776
# param         143: 137804099702244989743542192776651776308834212579844283924122912316759472033491810789793644792643375049304185072
# param         144:  25049977563018757131242306018521295582272157055267732820126836979224472068651838792207674524784656864499472640
# param         145:  25093640173797232418907417904208692130334970596721254356952240350414350032500882990273637741502769383415486736
# param         146: 551170529116609090963096390246633131745384990969679282625022816477683335502150337888787873689801021508259158304
# param         147: 265973677982193286985321903045430068933415406308602077449157827325477738014838135150338050313887625981512915248
# param         148: 475948359460768336635824073474230740488868404954910637484959745789510621987664108430605371491395502948824914240
# param         149: 503171247375047775466208612941013333447139780494239653336136114624692432976161744245238121751745132604906543440
# param         150:  25071744379602516231914531891574057947373207187369184587485753377307153492158417595682757225369690315830597984
# param         151: 137558695594989556241029557861658566715756330681638314749841379655319500318334176286714438724680268503272397168
# param         152: 100209142172314425022876727171404876073113111557139435028451213200254737787659973379399460978050853314014222720
# param         153: 100248048036839991170629888889987929243610801159700269491260271267409119210182404662025021733513685513703266704
# param         154: 250529556818752947069160842172374253336753262404071281051845362597480372609657933611588962419535295885988600224
# param         155: 100195309707825327742340055619907690997477468384788736267451859769226520155972697878936205650263327799790016944
# param         156: 551145300632923296152869459498009086054764389532212668903577895621434151764865409787833419870610106741887605184
# param         157: 274831420348301228019897595702559941297896790229012728437788281241166172784913246237091530909488898743872788944
# param         158: 250520382691027025828467102113847995915449552747513175266422283091638252319892110191203766981561781379391298016
# param         159: 315575805963829763084962046916077817592524570354346817821819119716955195626027802737195677704990201247894084080
# param         160:  25058010057422759949107399533629022430684810161518799704866161167470320703022113132676558592091967733733792256
# param         161: 363241288398695189290922958605196103061959548836954341160660699233624771368413393360981467659172378222627133968
# param         162:  25021305470907575767823192256444343514175082366052696232972017937759774173866519081492942248951167005323434528
# param         163: 551108378239442500971004258582120248809842925909898009898747362542012435257603227373929738618629088850971990576
# param         164: 551110808752824080524769182406172497687935140137387591750611309025044744951540462326292506224325137480766462528
# param         165:  25006027913155494656729786082749783592346988846573732675315333951915269669709322220327478379903204868883487312
# param         166: 400840869252873866866821190257634453734422017667475985358997963525743579828075110045299745082957581762804324960
# param         167: 197341243814845192620652672576382164567289750615254949865660106199874810722911674705605397105086887477047728752
# param         168: 250529597119660365914029285876110568370126517396387994105192838649420308169337673769331087757664124552559467136
# param         169:  78353584413730450315732312861663461813922931684952317332199062216813563948123569782784660239146991668420418192
# param         170: 250511190639211301726535165740815211853000547267961992073053876766640859298747393731980969665291870693620718240
# param         171: 400999116141713701249186986323985282481252732295403629110061431827970528367812752007931492511086612371306715824
# param         172: 400833666044420622715664329278120207825483701959564137296940533537363550647151347742519735191469969440562485952
# param         173: 325678705741183058060609007342709035662826681782561001438899612436621061003537426145359375468456413342019361488
# param         174: 551138326107547294832696933178251543293600160484734394703299947638550038714646465285099666469914579318373096160
# param         175: 475962050794235981807633837289716244303642803726128614426155619553529704827819997122328720441808549568315398896
# param         176:  99924676349475464540377618186015483616834804638532941938676311086234129148020149795160069674750844550357457664
# param         177: 119972485394477748001778012051416758935079880138748439566026327038624772666398904722749979834316705124315044624
# param         178: 551104125449932514586047352951577741143468535963352538589923469129698766062514112901277544341521512990337145632
# param         179: 162873567976689705576080183024245267557302249174554324237951113502688043666128378663389284772362847509777750832
# param         180: 175394542229114247384334785616914317676594731472537552767088885112845537481359203627536027383200400622930107200
# param         181: 325820524939144318110531270398870908902148455113820447693776133110571985727510582495398673871629352711143562064
# param         182: 100202010877010025544713475135840983351433165528987715328171601614115728467662647207617473308493278531091962720
# param         183: 100236393955262962462055207433844264627474061444855232665773704365532263932774243897620073151563530882986810224
# param         184: 551106311519539645119053994789399013683357828770642577020412743341800110286713274277701757356035035957427182464
# param         185: 325710450058018969435522849530393122998802070741531247463652866553948052565827738875654781246897039362674924432
# param         186: 551044386692730700882654655048413637821166518082452573270779356894439354235973629381965953168699724638522973088
# param         187: 501041554434492859073615132313610950698455273752683141762091410952270167184751056741221132739387183508429478832
# param         188: 250534150400464134200367043834273685949593671872524991170674301638059734941007166321799604976985248406588890048
# param         189: 459370487670966624870978357657043783122888345055518758009163456665138165893331449745462977582584425867334654928
# param         190:  25099284001368437011777817742759955131345102798513599886742774788550730560977346543664171866789365553307851744
# param         191: 325760898143157195683110994812614692086769622930780132222229714448327504742368581616066987680595017987593870320
# param         192: 400797113342815504219485022531230092927612072998862350330650711714403355417432467617204596298402656871851760640
# param         193: 100208706854556074061919948399023155464705816069407462043864606995642561790019894281873977322130812208209206288
# param         194: 250490280658713470948786032428834205992270153198915470448252793668818541306624886916860076928140331848592006176
# param         195: 551059849460637129487209663784492176589696058869883921806427670393942743824809750408907910329264787567818054704
# param         196: 457166901622988843602221775150520724654908038684292746102346892551884901352795231135234211625869910564191345728
# param         197: 270848045593350108529545888616942840430676112992645837200672676662679123873642908090023590394948904610663767120
# param         198: 250492997468811386329022669802848995542757002356183427889365566584648455541209523495722421772530005100480961632
# param         199: 275901722748127461233503683188880159504493499544583703240615620728008272913055201205582214962007859690603551856
# param         200: 325698974097280879454992011187495293339694976002798812001719457676512045340930042634706872381933571075859291264
# param         201: 363156391039263545014181713969869344183322693440769519560113951956744385878606228766967323797064176851472096400
# param         202: 250550197273109070343244078183323541882221762636802896294504568113554919776938790112858440203595050036592909472
# param         203: 325676036241178870235486462989518687814808106044534029694825931670512887544996418552472266837280519135158082736
# param         204: 175397982201720283655392980940875221611215142768192240560931472380233753489687489956007360084097148999058857152
# param         205: 325642658041044221343519952221041611984644082345334152556519310719809973243830154289483603677295600075213380816
# param         206: 551099430589520303378102161337804967063046847870216822589772092117479718953177462546710861085838301401274391776
# param         207: 417349233266939607363679590825163587078389947967595212345706287022788388614258076041840115808003878648507538672
# param         208: 325689961282605332704170638105429172126470154013128100234297203853734417575392580670515030323640297541154643200
# param         209: 562034382414336183898430340770483197078654698916717795356840231533817586418219663194172693362524061498079190288
# param         210: 551097137300066242422003689818191303651320078341818563648858122818965901622684893888797438800519643204476214560
# param         211: 213097347744725358991197511014683354694587979498564927066735425501218787182047748600335705341051565899230747952
# param         212: 550801276049422785225273849912089357482448085990845451450449411271085323099096681556487315041228781809043512640
# param         213: 250517750768100043103535351075450918011655710235528200035757733474873903862349430752002188591568605509727558992
# param         214: 250491708141650923906642485443122907771418451716917955419612332459084707871124747770250853193378391077901311328
# param         215:  25048540425699001977412346013713922299194211773015822065305999472012996588346499019417964520014025930571783536
# param         216: 400792705783858286991158542185623836301310722950264156112695806173526579693452336411388486930810670854210329984
# param         217: 592432956295969975679973510500219939782089111720241348049155278691662664102779824907570976914482317840116358544
# param         218: 100213648496974133623505066462958170256384563368067943680180653778841101887465435415041063501547419111142727072
# param         219: 388342821650847373099824166480310890285716340270370335637847946834645023755046879230946653373968895011266239920
# param         220:  25092403642983147976947418556460384265012768014817682298779012794696043647728018487076190722936940265304235456
# param         221: 588749539918721895790299061999280985413330630158391436233987915810012125422133495982029170745893423802983914960
# param         222: 400804207588972922220377399356510858382770061387774828091199037225792911492185674084062485608876925068177841632
# param         223: 400808676701050143126138306144679268133864052823953256553462222739630817779341599546149564437567030866070216176
# param         224: 325703560903812769852700931331458708507175168300925389793899507726372895441555233951892247499186163492753251840
# param         225: 475920141378726633425754564067651724997909100652969373942162903032115767429857044124341270869902592819645652496
# param         226: 325726496076761688753960557665635922159287230431835317280695620816327975629725347648709725872223652473888316960
# param         227: 284687133828810717027212488306476685047835154994024254414969779635411072230065171640111782303163337122091376176
# param         228: 551122464537091655340919680595239056932855030002007984692273555532450161896198311737745432859091847241923567168
# param         229:  87713325674122707767975706252191907741821070661863934323153519997973552468131976961438414907684551376251133520
# param         230:  25039653530220142729361565386485371742856392825785774235021157094087071685915962315211796889013578692940537440
# param         231: 476005701456015487526877867902191775207929082386104250113757740969779069929833284295595092903510285249150983792
# param         232: 475998818817927779769016264619570258777070649007681291589673392074990278437882394876303213532316130552326397568
# param         233: 100181285864388320221716612984107562865077925336252751727667704411646734415637744949437811221408564263147019920
# param         234: 551126882299762142141151483033282072035501440604532657208600444768711425847222425673756874291464070190088593056
# param         235: 100134912866333179034446385957748578801491211160181577412264504813840649936690912156363892937161004184667954864
# param         236: 175355552819623885853967946499034370739219654568007817122521390194289635296574710953511411985942240692851973824
# param         237: 200252075160678056231296728926430696114240788876756130210328402985046408020823944513367286359351568949634408144
# param         238:  25044204675009159643724473079543976774226203300525696626881240675989433113667087090624533904863048203132477152
# param         239: 166553678206473511998561892965445143527308979491817977770685266024249259928186393484611994841813251398425386736
# param         240: 250497447906250048495622941304790645331436098251236764420916474724853936455335211728674387603480854122251427584
# param         241: 325705890390938003846606649761575974820660801456125468483658398352018290541237353113834632837343094919500144400
# param         242: 400847892711756031084040141249544862402792494770385742348827300504199854606654646901988252189241100458258341664
# param         243: 175281903093071509988971337191520182780118038137692821376289771243935237603427881340647496435477284670134034224
# param         244: 551137273395429500233624248240374401552688184334889576023966665544220296847404799060698604201410192686478008128
# param         245: 400807998785469195513863857059291357772543416903524936595506263659146497656877135573242323885754243017382829904
# param         246: 325609527155484049431647864099503640633316401313037130808283380924057766028995235692971499416643094195646504800
# param         247: 133008946541970423591285876084811875955244483995261150152455073506010073081134552802578964272698416148978343792
# param         248:  25064702772960378236905039081183241148748937205845912085324823356564389682155479090001264897229530344961613696
# param         249: 529379343282076333272843520440752102372568698498066048657476737732761819469411532859133486989668932770729041808
# param         250:                                                                                                   1099511627776
# param         251:                                                                                                   1099511627776
# param         252:                                                                                                   1099511627776
# param         253:                                                                                                   1099511627776
# param         254:                                                                                                   1099511627776
# param         255:                                                                                                   1099511627776
# inst           0: 0
# inst           1: 1
# inst           2: 0
# inst           3: 1
# inst           4: 0
# inst           5: 1
# inst           6: 0
# inst           7: 1
# inst           8: 0
# inst           9: 1
# inst          10: 0
# inst          11: 1
# inst          12: 0
# inst          13: 1
# inst          14: 0
# inst          15: 1
# inst          16: 0
# inst          17: 1
# inst          18: 0
# inst          19: 1
# inst          20: 0
# inst          21: 1
# inst          22: 0
# inst          23: 1
# inst          24: 0
# inst          25: 1
# inst          26: 0
# inst          27: 1
# inst          28: 0
# inst          29: 1
# inst          30: 0
# inst          31: 1
# inst          32: 0
# inst          33: 1
# inst          34: 0
# inst          35: 1
# inst          36: 0
# inst          37: 1
# inst          38: 0
# inst          39: 1
# inst          40: 0
# inst          41: 1
# inst          42: 0
# inst          43: 1
# inst          44: 0
# inst          45: 1
# inst          46: 0
# inst          47: 1
# inst          48: 0
# inst          49: 1
# inst          50: 0
# inst          51: 1
# inst          52: 0
# inst          53: 1
# inst          54: 0
# inst          55: 1
# inst          56: 0
# inst          57: 1
# inst          58: 0
# inst          59: 1
# inst          60: 0
# inst          61: 1
# inst          62: 0
# inst          63: 1
# inst          64: 0
# inst          65: 1
# inst          66: 0
# inst          67: 1
# inst          68: 0
# inst          69: 1
# inst          70: 0
# inst          71: 1
# inst          72: 0
# inst          73: 1
# inst          74: 0
# inst          75: 1
# inst          76: 0
# inst          77: 1
# inst          78: 0
# inst          79: 1
# inst          80: 0
# inst          81: 1
# inst          82: 0
# inst          83: 1
# inst          84: 0
# inst          85: 1
# inst          86: 0
# inst          87: 1
# inst          88: 0
# inst          89: 1
# inst          90: 0
# inst          91: 1
# inst          92: 0
# inst          93: 1
# inst          94: 0
# inst          95: 1
# inst          96: 0
# inst          97: 1
# inst          98: 0
# inst          99: 1
# inst         100: 0
# inst         101: 1
# inst         102: 0
# inst         103: 1
# inst         104: 0
# inst         105: 1
# inst         106: 0
# inst         107: 1
# inst         108: 0
# inst         109: 1
# inst         110: 0
# inst         111: 1
# inst         112: 0
# inst         113: 1
# inst         114: 0
# inst         115: 1
# inst         116: 0
# inst         117: 1
# inst         118: 0
# inst         119: 1
# inst         120: 0
# inst         121: 1
# inst         122: 0
# inst         123: 1
# inst         124: 0
# inst         125: 1
# inst         126: 0
# inst         127: 1
# inst         128: 0
# inst         129: 1
# inst         130: 0
# inst         131: 1
# inst         132: 0
# inst         133: 1
# inst         134: 0
# inst         135: 1
# inst         136: 0
# inst         137: 1
# inst         138: 0
# inst         139: 1
# inst         140: 0
# inst         141: 1
# inst         142: 0
# inst         143: 1
# inst         144: 0
# inst         145: 1
# inst         146: 0
# inst         147: 1
# inst         148: 0
# inst         149: 1
# inst         150: 0
# inst         151: 1
# inst         152: 0
# inst         153: 1
# inst         154: 0
# inst         155: 1
# inst         156: 0
# inst         157: 1
# inst         158: 0
# inst         159: 1
# inst         160: 0
# inst         161: 1
# inst         162: 0
# inst         163: 1
# inst         164: 0
# inst         165: 1
# inst         166: 0
# inst         167: 1
# inst         168: 0
# inst         169: 1
# inst         170: 0
# inst         171: 1
# inst         172: 0
# inst         173: 1
# inst         174: 0
# inst         175: 1
# inst         176: 0
# inst         177: 1
# inst         178: 0
# inst         179: 1
# inst         180: 0
# inst         181: 1
# inst         182: 0
# inst         183: 1
# inst         184: 0
# inst         185: 1
# inst         186: 0
# inst         187: 1
# inst         188: 0
# inst         189: 1
# inst         190: 0
# inst         191: 1
# inst         192: 0
# inst         193: 1
# inst         194: 0
# inst         195: 1
# inst         196: 0
# inst         197: 1
# inst         198: 0
# inst         199: 1
# inst         200: 0
# inst         201: 1
# inst         202: 0
# inst         203: 1
# inst         204: 0
# inst         205: 1
# inst         206: 0
# inst         207: 1
# inst         208: 0
# inst         209: 1
# inst         210: 0
# inst         211: 1
# inst         212: 0
# inst         213: 1
# inst         214: 0
# inst         215: 1
# inst         216: 0
# inst         217: 1
# inst         218: 0
# inst         219: 1
# inst         220: 0
# inst         221: 1
# inst         222: 0
# inst         223: 1
# inst         224: 0
# inst         225: 1
# inst         226: 0
# inst         227: 1
# inst         228: 0
# inst         229: 1
# inst         230: 0
# inst         231: 1
# inst         232: 0
# inst         233: 1
# inst         234: 0
# inst         235: 1
# inst         236: 0
# inst         237: 1
# inst         238: 0
# inst         239: 1
# inst         240: 0
# inst         241: 1
# inst         242: 0
# inst         243: 1
# inst         244: 0
# inst         245: 1
# inst         246: 0
# inst         247: 1
# inst         248: 0
# inst         249: 1
# inst         250: 0
# inst         251: 1
# inst         252: 0
# inst         253: 1
# inst         254: 0
# inst         255: 1
# OK           0
# OK           1
# OK           2
# OK           3
# OK           4
# OK           5
# OK           6
# OK           7
# OK           8
# OK           9
# OK          10
# OK          11
# OK          12
# OK          13
# OK          14
# OK          15
# OK          16
# OK          17
# OK          18
# OK          19
# OK          20
# OK          21
# OK          22
# OK          23
# OK          24
# OK          25
# OK          26
# OK          27
# OK          28
# OK          29
# OK          30
# OK          31
# OK          32
# OK          33
# OK          34
# OK          35
# OK          36
# OK          37
# OK          38
# OK          39
# OK          40
# OK          41
# OK          42
# OK          43
# OK          44
# OK          45
# OK          46
# OK          47
# OK          48
# OK          49
# OK          50
# OK          51
# OK          52
# OK          53
# OK          54
# OK          55
# OK          56
# OK          57
# OK          58
# OK          59
# OK          60
# OK          61
# OK          62
# OK          63
# OK          64
# OK          65
# OK          66
# OK          67
# OK          68
# OK          69
# OK          70
# OK          71
# OK          72
# OK          73
# OK          74
# OK          75
# OK          76
# OK          77
# OK          78
# OK          79
# OK          80
# OK          81
# OK          82
# OK          83
# OK          84
# OK          85
# OK          86
# OK          87
# OK          88
# OK          89
# OK          90
# OK          91
# OK          92
# OK          93
# OK          94
# OK          95
# OK          96
# OK          97
# OK          98
# OK          99
# ** Note: $stop    : ../tb/RANCNetworkGrid_1x1_tb.sv(154)
#    Time: 70220195 ns  Iteration: 1  Instance: /RANCNetworkGrid_1x1_tb
# Break in Module RANCNetworkGrid_1x1_tb at ../tb/RANCNetworkGrid_1x1_tb.sv line 154
# Stopped at ../tb/RANCNetworkGrid_1x1_tb.sv line 154
#  quit
# End time: 14:18:13 on Aug 26,2022, Elapsed time: 0:00:37
# Errors: 0, Warnings: 3
