Copyright 1986-2018 Xilinx, Inc. All Rights Reserved.
--------------------------------------------------------------------------------------------------------
| Tool Version : Vivado v.2018.1 (lin64) Build 2188600 Wed Apr  4 18:39:19 MDT 2018
| Date         : Tue Sep 13 17:31:36 2022
| Host         : pc182-linux running 64-bit CentOS Linux release 7.9.2009 (Core)
| Command      : report_utilization -hierarchical -file xilinx_kc705_utilization_hierarchical_synth.rpt
| Design       : xilinx_kc705
| Device       : 7k325tffg900-2
| Design State : Synthesized
--------------------------------------------------------------------------------------------------------

Utilization Design Information

Table of Contents
-----------------
1. Utilization by Hierarchy

1. Utilization by Hierarchy
---------------------------

+-------------------------------+--------------------------------------+------------+------------+---------+------+-------+--------+--------+--------------+
|            Instance           |                Module                | Total LUTs | Logic LUTs | LUTRAMs | SRLs |  FFs  | RAMB36 | RAMB18 | DSP48 Blocks |
+-------------------------------+--------------------------------------+------------+------------+---------+------+-------+--------+--------+--------------+
| xilinx_kc705                  |                                (top) |      24379 |      18081 |    6296 |    2 | 13746 |     49 |     75 |            4 |
|   (xilinx_kc705)              |                                (top) |       6280 |       6126 |     152 |    2 |  6395 |     48 |     67 |            0 |
|   VexRiscv                    |                             VexRiscv |       2718 |       2718 |       0 |    0 |  1288 |      1 |      8 |            4 |
|     (VexRiscv)                |                             VexRiscv |       1588 |       1588 |       0 |    0 |  1112 |      0 |      2 |            4 |
|     IBusCachedPlugin_cache    |                     InstructionCache |        618 |        618 |       0 |    0 |   111 |      1 |      1 |            0 |
|     dataCache_1               |                            DataCache |        512 |        512 |       0 |    0 |    65 |      0 |      5 |            0 |
|   snn_1x1_wrapper             |                      snn_1x1_wrapper |      15381 |       9237 |    6144 |    0 |  6063 |      0 |      0 |            0 |
|     RANCNetworkGrid_1x1_ins   |                  RANCNetworkGrid_1x1 |      12267 |       8315 |    3952 |    0 |  5550 |      0 |      0 |            0 |
|       Core0                   |                             Core_1x1 |      12174 |       8222 |    3952 |    0 |  5435 |      0 |      0 |            0 |
|         (Core0)               |                             Core_1x1 |         19 |         19 |       0 |    0 |    17 |      0 |      0 |            0 |
|         Router                |                               Router |       1649 |       1649 |       0 |    0 |  1149 |      0 |      0 |            0 |
|           forward_east        |                   ForwardEastWest_21 |        132 |        132 |       0 |    0 |   260 |      0 |      0 |            0 |
|             Merge             |                            Merge2_40 |         42 |         42 |       0 |    0 |    33 |      0 |      0 |            0 |
|             north_buffer      |            buffer__parameterized0_41 |         55 |         55 |       0 |    0 |   112 |      0 |      0 |            0 |
|             routing_buffer    |                            buffer_42 |          3 |          3 |       0 |    0 |     3 |      0 |      0 |            0 |
|             south_buffer      |            buffer__parameterized0_43 |         32 |         32 |       0 |    0 |   112 |      0 |      0 |            0 |
|           forward_north       |                 ForwardNorthSouth_22 |         76 |         76 |       0 |    0 |   183 |      0 |      0 |            0 |
|             local_buffer      |            buffer__parameterized1_37 |         39 |         39 |       0 |    0 |    67 |      0 |      0 |            0 |
|             merge             |                            Merge3_38 |          9 |          9 |       0 |    0 |    24 |      0 |      0 |            0 |
|             routing_buffer    |            buffer__parameterized0_39 |         28 |         28 |       0 |    0 |    92 |      0 |      0 |            0 |
|           forward_south       | ForwardNorthSouth__parameterized0_23 |         55 |         55 |       0 |    0 |    95 |      0 |      0 |            0 |
|             local_buffer      |            buffer__parameterized1_34 |         23 |         23 |       0 |    0 |    67 |      0 |      0 |            0 |
|             merge             |                            Merge3_35 |         30 |         30 |       0 |    0 |    25 |      0 |      0 |            0 |
|             routing_buffer    |            buffer__parameterized0_36 |          2 |          2 |       0 |    0 |     3 |      0 |      0 |            0 |
|           forward_west        |   ForwardEastWest__parameterized0_24 |         75 |         75 |       0 |    0 |   260 |      0 |      0 |            0 |
|             Merge             |                            Merge2_30 |          7 |          7 |       0 |    0 |    33 |      0 |      0 |            0 |
|             north_buffer      |            buffer__parameterized0_31 |         33 |         33 |       0 |    0 |   112 |      0 |      0 |            0 |
|             routing_buffer    |                            buffer_32 |          3 |          3 |       0 |    0 |     3 |      0 |      0 |            0 |
|             south_buffer      |            buffer__parameterized0_33 |         32 |         32 |       0 |    0 |   112 |      0 |      0 |            0 |
|           from_local          |                         FromLocal_25 |        116 |        116 |       0 |    0 |   314 |      0 |      0 |            0 |
|             buffer_east       |                            buffer_28 |         43 |         43 |       0 |    0 |   157 |      0 |      0 |            0 |
|             buffer_west       |                            buffer_29 |         73 |         73 |       0 |    0 |   157 |      0 |      0 |            0 |
|           local_in            |                           LocalIn_26 |       1195 |       1195 |       0 |    0 |    37 |      0 |      0 |            0 |
|             Merge             |            Merge2__parameterized0_27 |       1195 |       1195 |       0 |    0 |    37 |      0 |      0 |            0 |
|         Scheduler             |                            Scheduler |       5173 |       5173 |       0 |    0 |  4128 |      0 |      0 |            0 |
|           SRAM                |                        SchedulerSRAM |       1092 |       1092 |       0 |    0 |  4096 |      0 |      0 |            0 |
|           counter             |                              Counter |       4081 |       4081 |       0 |    0 |    32 |      0 |      0 |            0 |
|         neuron_grid           |                      neuron_grid_1x1 |       5333 |       1381 |    3952 |    0 |   141 |      0 |      0 |            0 |
|           controller          |               neuron_grid_controller |         61 |         61 |       0 |    0 |     4 |      0 |      0 |            0 |
|           datapath            |             neuron_grid_datapath_1x1 |       5272 |       1320 |    3952 |    0 |   137 |      0 |      0 |            0 |
|             (datapath)        |             neuron_grid_datapath_1x1 |       4720 |        768 |    3952 |    0 |   128 |      0 |      0 |            0 |
|             neuron_block      |                         neuron_block |        552 |        552 |       0 |    0 |     9 |      0 |      0 |            0 |
|       OutputBus               |                            OutputBus |         93 |         93 |       0 |    0 |   115 |      0 |      0 |            0 |
|         (OutputBus)           |                            OutputBus |          3 |          3 |       0 |    0 |     0 |      0 |      0 |            0 |
|         Router_tb             |               Router__parameterized0 |         90 |         90 |       0 |    0 |   115 |      0 |      0 |            0 |
|           forward_east        |                      ForwardEastWest |         10 |         10 |       0 |    0 |     9 |      0 |      0 |            0 |
|             Merge             |                            Merge2_18 |          3 |          3 |       0 |    0 |     3 |      0 |      0 |            0 |
|             north_buffer      |            buffer__parameterized0_19 |          2 |          2 |       0 |    0 |     3 |      0 |      0 |            0 |
|             south_buffer      |            buffer__parameterized0_20 |          5 |          5 |       0 |    0 |     3 |      0 |      0 |            0 |
|           forward_north       |                    ForwardNorthSouth |         50 |         50 |       0 |    0 |    71 |      0 |      0 |            0 |
|             local_buffer      |            buffer__parameterized1_15 |         21 |         21 |       0 |    0 |    47 |      0 |      0 |            0 |
|             merge             |                            Merge3_16 |         26 |         26 |       0 |    0 |    21 |      0 |      0 |            0 |
|             routing_buffer    |            buffer__parameterized0_17 |          3 |          3 |       0 |    0 |     3 |      0 |      0 |            0 |
|           forward_south       |    ForwardNorthSouth__parameterized0 |          8 |          8 |       0 |    0 |     9 |      0 |      0 |            0 |
|             local_buffer      |               buffer__parameterized1 |          4 |          4 |       0 |    0 |     3 |      0 |      0 |            0 |
|             merge             |                               Merge3 |          1 |          1 |       0 |    0 |     3 |      0 |      0 |            0 |
|             routing_buffer    |            buffer__parameterized0_14 |          3 |          3 |       0 |    0 |     3 |      0 |      0 |            0 |
|           forward_west        |      ForwardEastWest__parameterized0 |          9 |          9 |       0 |    0 |     9 |      0 |      0 |            0 |
|             Merge             |                               Merge2 |          2 |          2 |       0 |    0 |     3 |      0 |      0 |            0 |
|             north_buffer      |               buffer__parameterized0 |          2 |          2 |       0 |    0 |     3 |      0 |      0 |            0 |
|             south_buffer      |            buffer__parameterized0_13 |          5 |          5 |       0 |    0 |     3 |      0 |      0 |            0 |
|           from_local          |                            FromLocal |          4 |          4 |       0 |    0 |     6 |      0 |      0 |            0 |
|             buffer_east       |                               buffer |          2 |          2 |       0 |    0 |     3 |      0 |      0 |            0 |
|             buffer_west       |                            buffer_12 |          2 |          2 |       0 |    0 |     3 |      0 |      0 |            0 |
|           local_in            |                              LocalIn |          9 |          9 |       0 |    0 |    11 |      0 |      0 |            0 |
|             Merge             |               Merge2__parameterized0 |          9 |          9 |       0 |    0 |    11 |      0 |      0 |            0 |
|     load_neuron_inst_fifo     |      load_param_fifo__parameterized0 |         65 |         49 |      16 |    0 |    80 |      0 |      0 |            0 |
|       (load_neuron_inst_fifo) |      load_param_fifo__parameterized0 |          6 |          6 |       0 |    0 |     8 |      0 |      0 |            0 |
|       async_fifo_ins          |           async_fifo__parameterized0 |         59 |         43 |      16 |    0 |    72 |      0 |      0 |            0 |
|         fifomem               |              fifomem__parameterized0 |         18 |          2 |      16 |    0 |     0 |      0 |      0 |            0 |
|         rptr_empty            |                         rptr_empty_8 |         19 |         19 |       0 |    0 |    18 |      0 |      0 |            0 |
|         sync_r2w              |                           sync_r2w_9 |          0 |          0 |       0 |    0 |    18 |      0 |      0 |            0 |
|         sync_w2r              |                          sync_w2r_10 |          1 |          1 |       0 |    0 |    18 |      0 |      0 |            0 |
|         wptr_full             |                         wptr_full_11 |         21 |         21 |       0 |    0 |    18 |      0 |      0 |            0 |
|     load_packet_fifo          |           async_fifo__parameterized1 |        263 |        103 |     160 |    0 |   102 |      0 |      0 |            0 |
|       fifomem                 |              fifomem__parameterized1 |        220 |         60 |     160 |    0 |    30 |      0 |      0 |            0 |
|       rptr_empty              |                         rptr_empty_4 |         21 |         21 |       0 |    0 |    18 |      0 |      0 |            0 |
|       sync_r2w                |                           sync_r2w_5 |          0 |          0 |       0 |    0 |    18 |      0 |      0 |            0 |
|       sync_w2r                |                           sync_w2r_6 |          0 |          0 |       0 |    0 |    18 |      0 |      0 |            0 |
|       wptr_full               |                          wptr_full_7 |         22 |         22 |       0 |    0 |    18 |      0 |      0 |            0 |
|     load_param_fifo           |                      load_param_fifo |       2680 |        712 |    1968 |    0 |   257 |      0 |      0 |            0 |
|       (load_param_fifo)       |                      load_param_fifo |         91 |         91 |       0 |    0 |    92 |      0 |      0 |            0 |
|       async_fifo_ins          |                           async_fifo |       2589 |        621 |    1968 |    0 |   165 |      0 |      0 |            0 |
|         fifomem               |                              fifomem |       2336 |        368 |    1968 |    0 |     0 |      0 |      0 |            0 |
|         rptr_empty            |                         rptr_empty_0 |        209 |        209 |       0 |    0 |    92 |      0 |      0 |            0 |
|         sync_r2w              |                           sync_r2w_1 |          0 |          0 |       0 |    0 |    18 |      0 |      0 |            0 |
|         sync_w2r              |                           sync_w2r_2 |          1 |          1 |       0 |    0 |    18 |      0 |      0 |            0 |
|         wptr_full             |                          wptr_full_3 |         43 |         43 |       0 |    0 |    37 |      0 |      0 |            0 |
|     packet_out_fifo           |           async_fifo__parameterized2 |        105 |         57 |      48 |    0 |    72 |      0 |      0 |            0 |
|       fifomem                 |              fifomem__parameterized2 |         64 |         16 |      48 |    0 |     0 |      0 |      0 |            0 |
|       rptr_empty              |                           rptr_empty |         19 |         19 |       0 |    0 |    18 |      0 |      0 |            0 |
|       sync_r2w                |                             sync_r2w |          1 |          1 |       0 |    0 |    18 |      0 |      0 |            0 |
|       sync_w2r                |                             sync_w2r |          0 |          0 |       0 |    0 |    18 |      0 |      0 |            0 |
|       wptr_full               |                            wptr_full |         21 |         21 |       0 |    0 |    18 |      0 |      0 |            0 |
|     sync_tick_signal          |                          sync_signal |          1 |          1 |       0 |    0 |     2 |      0 |      0 |            0 |
+-------------------------------+--------------------------------------+------------+------------+---------+------+-------+--------+--------+--------------+


