Analysis & Synthesis report for top
Wed May 25 17:58:43 2022
Quartus Prime Version 21.1.0 Build 842 10/21/2021 SJ Lite Edition


---------------------
; Table of Contents ;
---------------------
  1. Legal Notice
  2. Analysis & Synthesis Summary
  3. Analysis & Synthesis Settings
  4. Parallel Compilation
  5. Analysis & Synthesis Source Files Read
  6. Analysis & Synthesis Resource Usage Summary
  7. Analysis & Synthesis Resource Utilization by Entity
  8. State Machine - |top|subfragments_state
  9. Registers Removed During Synthesis
 10. Removed Registers Triggering Further Register Optimizations
 11. General Register Statistics
 12. Inverted Register Statistics
 13. Multiplexer Restructuring Statistics (Restructuring Performed)
 14. Post-Synthesis Netlist Statistics for Top Partition
 15. Elapsed Time Per Partition
 16. Analysis & Synthesis Messages



----------------
; Legal Notice ;
----------------
Copyright (C) 2021  Intel Corporation. All rights reserved.
Your use of Intel Corporation's design tools, logic functions 
and other software and tools, and any partner logic 
functions, and any output files from any of the foregoing 
(including device programming or simulation files), and any 
associated documentation or information are expressly subject 
to the terms and conditions of the Intel Program License 
Subscription Agreement, the Intel Quartus Prime License Agreement,
the Intel FPGA IP License Agreement, or other applicable license
agreement, including, without limitation, that your use is for
the sole purpose of programming logic devices manufactured by
Intel and sold by Intel or its authorized distributors.  Please
refer to the applicable agreement for further details, at
https://fpgasoftware.intel.com/eula.



+----------------------------------------------------------------------------------+
; Analysis & Synthesis Summary                                                     ;
+------------------------------------+---------------------------------------------+
; Analysis & Synthesis Status        ; Successful - Wed May 25 17:58:43 2022       ;
; Quartus Prime Version              ; 21.1.0 Build 842 10/21/2021 SJ Lite Edition ;
; Revision Name                      ; top                                         ;
; Top-level Entity Name              ; top                                         ;
; Family                             ; Cyclone IV E                                ;
; Total logic elements               ; 733                                         ;
;     Total combinational functions  ; 638                                         ;
;     Dedicated logic registers      ; 397                                         ;
; Total registers                    ; 397                                         ;
; Total pins                         ; 81                                          ;
; Total virtual pins                 ; 0                                           ;
; Total memory bits                  ; 0                                           ;
; Embedded Multiplier 9-bit elements ; 0                                           ;
; Total PLLs                         ; 0                                           ;
+------------------------------------+---------------------------------------------+


+------------------------------------------------------------------------------------------------------------+
; Analysis & Synthesis Settings                                                                              ;
+------------------------------------------------------------------+--------------------+--------------------+
; Option                                                           ; Setting            ; Default Value      ;
+------------------------------------------------------------------+--------------------+--------------------+
; Device                                                           ; EP4CE115F29C7      ;                    ;
; Top-level entity name                                            ; top                ; top                ;
; Family name                                                      ; Cyclone IV E       ; Cyclone V          ;
; Use smart compilation                                            ; Off                ; Off                ;
; Enable parallel Assembler and Timing Analyzer during compilation ; On                 ; On                 ;
; Enable compact report table                                      ; Off                ; Off                ;
; Restructure Multiplexers                                         ; Auto               ; Auto               ;
; Create Debugging Nodes for IP Cores                              ; Off                ; Off                ;
; Preserve fewer node names                                        ; On                 ; On                 ;
; Intel FPGA IP Evaluation Mode                                    ; Enable             ; Enable             ;
; Verilog Version                                                  ; Verilog_2001       ; Verilog_2001       ;
; VHDL Version                                                     ; VHDL_1993          ; VHDL_1993          ;
; State Machine Processing                                         ; Auto               ; Auto               ;
; Safe State Machine                                               ; Off                ; Off                ;
; Extract Verilog State Machines                                   ; On                 ; On                 ;
; Extract VHDL State Machines                                      ; On                 ; On                 ;
; Ignore Verilog initial constructs                                ; Off                ; Off                ;
; Iteration limit for constant Verilog loops                       ; 5000               ; 5000               ;
; Iteration limit for non-constant Verilog loops                   ; 250                ; 250                ;
; Add Pass-Through Logic to Inferred RAMs                          ; On                 ; On                 ;
; Infer RAMs from Raw Logic                                        ; On                 ; On                 ;
; Parallel Synthesis                                               ; On                 ; On                 ;
; DSP Block Balancing                                              ; Auto               ; Auto               ;
; NOT Gate Push-Back                                               ; On                 ; On                 ;
; Power-Up Don't Care                                              ; On                 ; On                 ;
; Remove Redundant Logic Cells                                     ; Off                ; Off                ;
; Remove Duplicate Registers                                       ; On                 ; On                 ;
; Ignore CARRY Buffers                                             ; Off                ; Off                ;
; Ignore CASCADE Buffers                                           ; Off                ; Off                ;
; Ignore GLOBAL Buffers                                            ; Off                ; Off                ;
; Ignore ROW GLOBAL Buffers                                        ; Off                ; Off                ;
; Ignore LCELL Buffers                                             ; Off                ; Off                ;
; Ignore SOFT Buffers                                              ; On                 ; On                 ;
; Limit AHDL Integers to 32 Bits                                   ; Off                ; Off                ;
; Optimization Technique                                           ; Balanced           ; Balanced           ;
; Carry Chain Length                                               ; 70                 ; 70                 ;
; Auto Carry Chains                                                ; On                 ; On                 ;
; Auto Open-Drain Pins                                             ; On                 ; On                 ;
; Perform WYSIWYG Primitive Resynthesis                            ; Off                ; Off                ;
; Auto ROM Replacement                                             ; On                 ; On                 ;
; Auto RAM Replacement                                             ; On                 ; On                 ;
; Auto DSP Block Replacement                                       ; On                 ; On                 ;
; Auto Shift Register Replacement                                  ; Auto               ; Auto               ;
; Allow Shift Register Merging across Hierarchies                  ; Auto               ; Auto               ;
; Auto Clock Enable Replacement                                    ; On                 ; On                 ;
; Strict RAM Replacement                                           ; Off                ; Off                ;
; Allow Synchronous Control Signals                                ; On                 ; On                 ;
; Force Use of Synchronous Clear Signals                           ; Off                ; Off                ;
; Auto RAM Block Balancing                                         ; On                 ; On                 ;
; Auto RAM to Logic Cell Conversion                                ; Off                ; Off                ;
; Auto Resource Sharing                                            ; Off                ; Off                ;
; Allow Any RAM Size For Recognition                               ; Off                ; Off                ;
; Allow Any ROM Size For Recognition                               ; Off                ; Off                ;
; Allow Any Shift Register Size For Recognition                    ; Off                ; Off                ;
; Use LogicLock Constraints during Resource Balancing              ; On                 ; On                 ;
; Ignore translate_off and synthesis_off directives                ; Off                ; Off                ;
; Timing-Driven Synthesis                                          ; On                 ; On                 ;
; Report Parameter Settings                                        ; On                 ; On                 ;
; Report Source Assignments                                        ; On                 ; On                 ;
; Report Connectivity Checks                                       ; On                 ; On                 ;
; Ignore Maximum Fan-Out Assignments                               ; Off                ; Off                ;
; Synchronization Register Chain Length                            ; 2                  ; 2                  ;
; Power Optimization During Synthesis                              ; Normal compilation ; Normal compilation ;
; HDL message level                                                ; Level2             ; Level2             ;
; Suppress Register Optimization Related Messages                  ; Off                ; Off                ;
; Number of Removed Registers Reported in Synthesis Report         ; 5000               ; 5000               ;
; Number of Swept Nodes Reported in Synthesis Report               ; 5000               ; 5000               ;
; Number of Inverted Registers Reported in Synthesis Report        ; 100                ; 100                ;
; Clock MUX Protection                                             ; On                 ; On                 ;
; Auto Gated Clock Conversion                                      ; Off                ; Off                ;
; Block Design Naming                                              ; Auto               ; Auto               ;
; SDC constraint protection                                        ; Off                ; Off                ;
; Synthesis Effort                                                 ; Auto               ; Auto               ;
; Shift Register Replacement - Allow Asynchronous Clear Signal     ; On                 ; On                 ;
; Pre-Mapping Resynthesis Optimization                             ; Off                ; Off                ;
; Analysis & Synthesis Message Level                               ; Medium             ; Medium             ;
; Disable Register Merging Across Hierarchies                      ; Auto               ; Auto               ;
; Resource Aware Inference For Block RAM                           ; On                 ; On                 ;
+------------------------------------------------------------------+--------------------+--------------------+


+------------------------------------------+
; Parallel Compilation                     ;
+----------------------------+-------------+
; Processors                 ; Number      ;
+----------------------------+-------------+
; Number detected on machine ; 4           ;
; Maximum allowed            ; 4           ;
;                            ;             ;
; Average used               ; 1.00        ;
; Maximum used               ; 4           ;
;                            ;             ;
; Usage by Processor         ; % Time Used ;
;     Processor 1            ; 100.0%      ;
;     Processor 2            ;   0.0%      ;
;     Processor 3            ;   0.0%      ;
;     Processor 4            ;   0.0%      ;
+----------------------------+-------------+


+-------------------------------------------------------------------------------------------------------------------------------------------------------------------------+
; Analysis & Synthesis Source Files Read                                                                                                                                  ;
+----------------------------------+-----------------+------------------------------+---------------------------------------------------------------------------+---------+
; File Name with User-Entered Path ; Used in Netlist ; File Type                    ; File Name with Absolute Path                                              ; Library ;
+----------------------------------+-----------------+------------------------------+---------------------------------------------------------------------------+---------+
; top.v                            ; yes             ; User SystemVerilog HDL File  ; /media/nguyenvietthi/DATA/EDABK/fpga_lab/lab3/build/gateware/top.v        ; work    ;
; top_mem.init                     ; yes             ; Auto-Found Unspecified File  ; /media/nguyenvietthi/DATA/EDABK/fpga_lab/lab3/build/gateware/top_mem.init ;         ;
+----------------------------------+-----------------+------------------------------+---------------------------------------------------------------------------+---------+


+-----------------------------------------------------------+
; Analysis & Synthesis Resource Usage Summary               ;
+---------------------------------------------+-------------+
; Resource                                    ; Usage       ;
+---------------------------------------------+-------------+
; Estimated Total logic elements              ; 733         ;
;                                             ;             ;
; Total combinational functions               ; 638         ;
; Logic element usage by number of LUT inputs ;             ;
;     -- 4 input functions                    ; 246         ;
;     -- 3 input functions                    ; 151         ;
;     -- <=2 input functions                  ; 241         ;
;                                             ;             ;
; Logic elements by mode                      ;             ;
;     -- normal mode                          ; 529         ;
;     -- arithmetic mode                      ; 109         ;
;                                             ;             ;
; Total registers                             ; 397         ;
;     -- Dedicated logic registers            ; 397         ;
;     -- I/O registers                        ; 0           ;
;                                             ;             ;
; I/O pins                                    ; 81          ;
;                                             ;             ;
; Embedded Multiplier 9-bit elements          ; 0           ;
;                                             ;             ;
; Maximum fan-out node                        ; clk50~input ;
; Maximum fan-out                             ; 397         ;
; Total fan-out                               ; 3056        ;
; Average fan-out                             ; 2.55        ;
+---------------------------------------------+-------------+


+----------------------------------------------------------------------------------------------------------------------------------------------------------------------------------------------------------+
; Analysis & Synthesis Resource Utilization by Entity                                                                                                                                                      ;
+----------------------------+---------------------+---------------------------+-------------+--------------+---------+-----------+------+--------------+---------------------+-------------+--------------+
; Compilation Hierarchy Node ; Combinational ALUTs ; Dedicated Logic Registers ; Memory Bits ; DSP Elements ; DSP 9x9 ; DSP 18x18 ; Pins ; Virtual Pins ; Full Hierarchy Name ; Entity Name ; Library Name ;
+----------------------------+---------------------+---------------------------+-------------+--------------+---------+-----------+------+--------------+---------------------+-------------+--------------+
; |top                       ; 638 (638)           ; 397 (397)                 ; 0           ; 0            ; 0       ; 0         ; 81   ; 0            ; |top                ; top         ; work         ;
+----------------------------+---------------------+---------------------------+-------------+--------------+---------+-----------+------+--------------+---------------------+-------------+--------------+
Note: For table entries with two numbers listed, the numbers in parentheses indicate the number of resources of the given type used by the specific entity alone. The numbers listed outside of parentheses indicate the total resources of the given type used by the specific entity and all of its sub-entities in the hierarchy.


Encoding Type:  One-Hot
+-------------------------------------------------------------------------------------------------------------------------------------------------------------------------------------------------------+
; State Machine - |top|subfragments_state                                                                                                                                                               ;
+------------------------+------------------------+------------------------+------------------------+------------------------+------------------------+------------------------+------------------------+
; Name                   ; subfragments_state.110 ; subfragments_state.101 ; subfragments_state.100 ; subfragments_state.011 ; subfragments_state.010 ; subfragments_state.001 ; subfragments_state.000 ;
+------------------------+------------------------+------------------------+------------------------+------------------------+------------------------+------------------------+------------------------+
; subfragments_state.000 ; 0                      ; 0                      ; 0                      ; 0                      ; 0                      ; 0                      ; 0                      ;
; subfragments_state.001 ; 0                      ; 0                      ; 0                      ; 0                      ; 0                      ; 1                      ; 1                      ;
; subfragments_state.010 ; 0                      ; 0                      ; 0                      ; 0                      ; 1                      ; 0                      ; 1                      ;
; subfragments_state.011 ; 0                      ; 0                      ; 0                      ; 1                      ; 0                      ; 0                      ; 1                      ;
; subfragments_state.100 ; 0                      ; 0                      ; 1                      ; 0                      ; 0                      ; 0                      ; 1                      ;
; subfragments_state.101 ; 0                      ; 1                      ; 0                      ; 0                      ; 0                      ; 0                      ; 1                      ;
; subfragments_state.110 ; 1                      ; 0                      ; 0                      ; 0                      ; 0                      ; 0                      ; 1                      ;
+------------------------+------------------------+------------------------+------------------------+------------------------+------------------------+------------------------+------------------------+


+--------------------------------------------------------------------------------------------------+
; Registers Removed During Synthesis                                                               ;
+---------------------------------------------------------+----------------------------------------+
; Register name                                           ; Reason for Removal                     ;
+---------------------------------------------------------+----------------------------------------+
; basesoc_csr_bankarray_interface2_bank_bus_dat_r[4..31]  ; Stuck at GND due to stuck port data_in ;
; basesoc_csr_bankarray_interface3_bank_bus_dat_r[16..31] ; Stuck at GND due to stuck port data_in ;
; basesoc_csr_bankarray_interface4_bank_bus_dat_r[16..31] ; Stuck at GND due to stuck port data_in ;
; basesoc_csr_bankarray_interface0_bank_bus_dat_r[3..31]  ; Stuck at GND due to stuck port data_in ;
; bus_errors[0..31]                                       ; Stuck at GND due to stuck port data_in ;
; subfragments_state~2                                    ; Lost fanout                            ;
; subfragments_state~3                                    ; Lost fanout                            ;
; subfragments_state~4                                    ; Lost fanout                            ;
; address[14..31]                                         ; Lost fanout                            ;
; Total Number of Removed Registers = 142                 ;                                        ;
+---------------------------------------------------------+----------------------------------------+


+---------------------------------------------------------------------------------------------------------------------------------+
; Removed Registers Triggering Further Register Optimizations                                                                     ;
+---------------+--------------------+--------------------------------------------------------------------------------------------+
; Register name ; Reason for Removal ; Registers Removed due to This Register                                                     ;
+---------------+--------------------+--------------------------------------------------------------------------------------------+
; address[31]   ; Lost Fanouts       ; address[30], address[29], address[28], address[27], address[26], address[25], address[24], ;
;               ;                    ; address[23], address[22], address[21], address[20], address[19], address[18], address[17], ;
;               ;                    ; address[16], address[15], address[14]                                                      ;
+---------------+--------------------+--------------------------------------------------------------------------------------------+


+------------------------------------------------------+
; General Register Statistics                          ;
+----------------------------------------------+-------+
; Statistic                                    ; Value ;
+----------------------------------------------+-------+
; Total registers                              ; 397   ;
; Number of registers using Synchronous Clear  ; 5     ;
; Number of registers using Synchronous Load   ; 3     ;
; Number of registers using Asynchronous Clear ; 0     ;
; Number of registers using Asynchronous Load  ; 0     ;
; Number of registers using Clock Enable       ; 203   ;
; Number of registers using Preset             ; 0     ;
+----------------------------------------------+-------+


+---------------------------------------------------+
; Inverted Register Statistics                      ;
+-----------------------------------------+---------+
; Inverted Register                       ; Fan out ;
+-----------------------------------------+---------+
; int_rst                                 ; 89      ;
; count[6]                                ; 2       ;
; count[8]                                ; 2       ;
; count[9]                                ; 2       ;
; count[11]                               ; 2       ;
; count[14]                               ; 2       ;
; count[18]                               ; 2       ;
; count[19]                               ; 2       ;
; count[22]                               ; 2       ;
; scratch_storage[3]                      ; 1       ;
; scratch_storage[4]                      ; 1       ;
; scratch_storage[5]                      ; 1       ;
; scratch_storage[6]                      ; 1       ;
; scratch_storage[9]                      ; 1       ;
; scratch_storage[10]                     ; 1       ;
; scratch_storage[12]                     ; 1       ;
; scratch_storage[14]                     ; 1       ;
; scratch_storage[25]                     ; 1       ;
; scratch_storage[18]                     ; 1       ;
; scratch_storage[20]                     ; 1       ;
; scratch_storage[28]                     ; 1       ;
; scratch_storage[21]                     ; 1       ;
; Total number of inverted registers = 22 ;         ;
+-----------------------------------------+---------+


+------------------------------------------------------------------------------------------------------------------------------------------------------------------------+
; Multiplexer Restructuring Statistics (Restructuring Performed)                                                                                                         ;
+--------------------+-----------+---------------+----------------------+------------------------+------------+----------------------------------------------------------+
; Multiplexer Inputs ; Bus Width ; Baseline Area ; Area if Restructured ; Saving if Restructured ; Registered ; Example Multiplexer Output                               ;
+--------------------+-----------+---------------+----------------------+------------------------+------------+----------------------------------------------------------+
; 3:1                ; 12 bits   ; 24 LEs        ; 12 LEs               ; 12 LEs                 ; Yes        ; |top|rx_data[0]                                          ;
; 3:1                ; 2 bits    ; 4 LEs         ; 2 LEs                ; 2 LEs                  ; Yes        ; |top|addr_bytes_count[0]                                 ;
; 3:1                ; 4 bits    ; 8 LEs         ; 4 LEs                ; 4 LEs                  ; Yes        ; |top|tx_count[0]                                         ;
; 3:1                ; 16 bits   ; 32 LEs        ; 16 LEs               ; 16 LEs                 ; Yes        ; |top|basesoc_csr_bankarray_interface3_bank_bus_dat_r[7]  ;
; 3:1                ; 16 bits   ; 32 LEs        ; 16 LEs               ; 16 LEs                 ; Yes        ; |top|basesoc_csr_bankarray_interface4_bank_bus_dat_r[14] ;
; 3:1                ; 3 bits    ; 6 LEs         ; 3 LEs                ; 3 LEs                  ; Yes        ; |top|basesoc_csr_bankarray_interface0_bank_bus_dat_r[2]  ;
; 3:1                ; 16 bits   ; 32 LEs        ; 16 LEs               ; 16 LEs                 ; Yes        ; |top|leds_storage[0]                                     ;
; 3:1                ; 4 bits    ; 8 LEs         ; 4 LEs                ; 4 LEs                  ; Yes        ; |top|values0[3]                                          ;
; 3:1                ; 4 bits    ; 8 LEs         ; 4 LEs                ; 4 LEs                  ; Yes        ; |top|values1[0]                                          ;
; 3:1                ; 4 bits    ; 8 LEs         ; 4 LEs                ; 4 LEs                  ; Yes        ; |top|values2[1]                                          ;
; 3:1                ; 4 bits    ; 8 LEs         ; 4 LEs                ; 4 LEs                  ; Yes        ; |top|values3[1]                                          ;
; 3:1                ; 4 bits    ; 8 LEs         ; 4 LEs                ; 4 LEs                  ; Yes        ; |top|values4[3]                                          ;
; 3:1                ; 4 bits    ; 8 LEs         ; 4 LEs                ; 4 LEs                  ; Yes        ; |top|values5[0]                                          ;
; 3:1                ; 4 bits    ; 8 LEs         ; 4 LEs                ; 4 LEs                  ; Yes        ; |top|value_storage[3]                                    ;
; 3:1                ; 4 bits    ; 8 LEs         ; 4 LEs                ; 4 LEs                  ; Yes        ; |top|sel_storage[3]                                      ;
; 3:1                ; 2 bits    ; 4 LEs         ; 2 LEs                ; 2 LEs                  ; Yes        ; |top|reset_storage[0]                                    ;
; 3:1                ; 8 bits    ; 16 LEs        ; 8 LEs                ; 8 LEs                  ; Yes        ; |top|scratch_storage[1]                                  ;
; 4:1                ; 11 bits   ; 22 LEs        ; 11 LEs               ; 11 LEs                 ; Yes        ; |top|scratch_storage[31]                                 ;
; 4:1                ; 15 bits   ; 30 LEs        ; 15 LEs               ; 15 LEs                 ; Yes        ; |top|count[21]                                           ;
; 7:1                ; 7 bits    ; 28 LEs        ; 28 LEs               ; 0 LEs                  ; Yes        ; |top|tx_data[4]                                          ;
; 7:1                ; 8 bits    ; 32 LEs        ; 16 LEs               ; 16 LEs                 ; Yes        ; |top|address[5]                                          ;
; 8:1                ; 24 bits   ; 120 LEs       ; 48 LEs               ; 72 LEs                 ; Yes        ; |top|address[21]                                         ;
; 513:1              ; 4 bits    ; 1368 LEs      ; 8 LEs                ; 1360 LEs               ; Yes        ; |top|basesoc_csr_bankarray_interface2_bank_bus_dat_r[0]  ;
; 513:1              ; 2 bits    ; 684 LEs       ; 4 LEs                ; 680 LEs                ; Yes        ; |top|basesoc_csr_bankarray_interface1_bank_bus_dat_r[1]  ;
; 3:1                ; 8 bits    ; 16 LEs        ; 8 LEs                ; 8 LEs                  ; Yes        ; |top|scratch_storage[3]                                  ;
; 4:1                ; 5 bits    ; 10 LEs        ; 10 LEs               ; 0 LEs                  ; Yes        ; |top|scratch_storage[20]                                 ;
; 4:1                ; 8 bits    ; 16 LEs        ; 8 LEs                ; 8 LEs                  ; Yes        ; |top|count[8]                                            ;
; 3:1                ; 8 bits    ; 16 LEs        ; 8 LEs                ; 8 LEs                  ; No         ; |top|words_count_next_value2                             ;
; 3:1                ; 14 bits   ; 28 LEs        ; 14 LEs               ; 14 LEs                 ; No         ; |top|basesoc_csr_bankarray_sram_bus_adr[10]              ;
; 5:1                ; 8 bits    ; 24 LEs        ; 8 LEs                ; 16 LEs                 ; No         ; |top|data_next_value7                                    ;
; 14:1               ; 2 bits    ; 18 LEs        ; 8 LEs                ; 10 LEs                 ; No         ; |top|subfragments_state                                  ;
+--------------------+-----------+---------------+----------------------+------------------------+------------+----------------------------------------------------------+


+-----------------------------------------------------+
; Post-Synthesis Netlist Statistics for Top Partition ;
+-----------------------+-----------------------------+
; Type                  ; Count                       ;
+-----------------------+-----------------------------+
; boundary_port         ; 81                          ;
; cycloneiii_ff         ; 397                         ;
;     ENA               ; 202                         ;
;     ENA SLD           ; 1                           ;
;     SCLR              ; 4                           ;
;     SCLR SLD          ; 1                           ;
;     SLD               ; 1                           ;
;     plain             ; 188                         ;
; cycloneiii_lcell_comb ; 644                         ;
;     arith             ; 109                         ;
;         2 data inputs ; 108                         ;
;         3 data inputs ; 1                           ;
;     normal            ; 535                         ;
;         0 data inputs ; 3                           ;
;         1 data inputs ; 10                          ;
;         2 data inputs ; 126                         ;
;         3 data inputs ; 150                         ;
;         4 data inputs ; 246                         ;
;                       ;                             ;
; Max LUT depth         ; 7.30                        ;
; Average LUT depth     ; 3.31                        ;
+-----------------------+-----------------------------+


+-------------------------------+
; Elapsed Time Per Partition    ;
+----------------+--------------+
; Partition Name ; Elapsed Time ;
+----------------+--------------+
; Top            ; 00:00:02     ;
+----------------+--------------+


+-------------------------------+
; Analysis & Synthesis Messages ;
+-------------------------------+
Info: *******************************************************************
Info: Running Quartus Prime Analysis & Synthesis
    Info: Version 21.1.0 Build 842 10/21/2021 SJ Lite Edition
    Info: Copyright (C) 2021  Intel Corporation. All rights reserved.
    Info: Your use of Intel Corporation's design tools, logic functions 
    Info: and other software and tools, and any partner logic 
    Info: functions, and any output files from any of the foregoing 
    Info: (including device programming or simulation files), and any 
    Info: associated documentation or information are expressly subject 
    Info: to the terms and conditions of the Intel Program License 
    Info: Subscription Agreement, the Intel Quartus Prime License Agreement,
    Info: the Intel FPGA IP License Agreement, or other applicable license
    Info: agreement, including, without limitation, that your use is for
    Info: the sole purpose of programming logic devices manufactured by
    Info: Intel and sold by Intel or its authorized distributors.  Please
    Info: refer to the applicable agreement for further details, at
    Info: https://fpgasoftware.intel.com/eula.
    Info: Processing started: Wed May 25 17:58:30 2022
Info: Command: quartus_map --read_settings_files=on --write_settings_files=off top -c top
Warning (18236): Number of processors has not been specified which may cause overloading on shared machines.  Set the global assignment NUM_PARALLEL_PROCESSORS in your QSF to an appropriate value for best performance.
Info (20030): Parallel compilation is enabled and will use 4 of the 4 processors detected
Info (12021): Found 1 design units, including 1 entities, in source file top.v
    Info (12023): Found entity 1: top File: /media/nguyenvietthi/DATA/EDABK/fpga_lab/lab3/build/gateware/top.v Line: 20
Info (12127): Elaborating entity "top" for the top level hierarchy
Warning (10036): Verilog HDL or VHDL warning at top.v(73): object "soc_rst" assigned a value but never read File: /media/nguyenvietthi/DATA/EDABK/fpga_lab/lab3/build/gateware/top.v Line: 73
Warning (10036): Verilog HDL or VHDL warning at top.v(74): object "cpu_rst" assigned a value but never read File: /media/nguyenvietthi/DATA/EDABK/fpga_lab/lab3/build/gateware/top.v Line: 74
Warning (10036): Verilog HDL or VHDL warning at top.v(78): object "scratch_re" assigned a value but never read File: /media/nguyenvietthi/DATA/EDABK/fpga_lab/lab3/build/gateware/top.v Line: 78
Warning (10036): Verilog HDL or VHDL warning at top.v(80): object "bus_errors_we" assigned a value but never read File: /media/nguyenvietthi/DATA/EDABK/fpga_lab/lab3/build/gateware/top.v Line: 80
Warning (10036): Verilog HDL or VHDL warning at top.v(81): object "bus_errors_re" assigned a value but never read File: /media/nguyenvietthi/DATA/EDABK/fpga_lab/lab3/build/gateware/top.v Line: 81
Warning (10036): Verilog HDL or VHDL warning at top.v(90): object "tx_sink_last" assigned a value but never read File: /media/nguyenvietthi/DATA/EDABK/fpga_lab/lab3/build/gateware/top.v Line: 90
Warning (10036): Verilog HDL or VHDL warning at top.v(98): object "rx_source_ready" assigned a value but never read File: /media/nguyenvietthi/DATA/EDABK/fpga_lab/lab3/build/gateware/top.v Line: 98
Warning (10036): Verilog HDL or VHDL warning at top.v(117): object "wishbone_err" assigned a value but never read File: /media/nguyenvietthi/DATA/EDABK/fpga_lab/lab3/build/gateware/top.v Line: 117
Warning (10036): Verilog HDL or VHDL warning at top.v(132): object "leds_re" assigned a value but never read File: /media/nguyenvietthi/DATA/EDABK/fpga_lab/lab3/build/gateware/top.v Line: 132
Warning (10036): Verilog HDL or VHDL warning at top.v(134): object "switches_we" assigned a value but never read File: /media/nguyenvietthi/DATA/EDABK/fpga_lab/lab3/build/gateware/top.v Line: 134
Warning (10036): Verilog HDL or VHDL warning at top.v(135): object "switches_re" assigned a value but never read File: /media/nguyenvietthi/DATA/EDABK/fpga_lab/lab3/build/gateware/top.v Line: 135
Warning (10036): Verilog HDL or VHDL warning at top.v(137): object "buttons_we" assigned a value but never read File: /media/nguyenvietthi/DATA/EDABK/fpga_lab/lab3/build/gateware/top.v Line: 137
Warning (10036): Verilog HDL or VHDL warning at top.v(138): object "buttons_re" assigned a value but never read File: /media/nguyenvietthi/DATA/EDABK/fpga_lab/lab3/build/gateware/top.v Line: 138
Warning (10036): Verilog HDL or VHDL warning at top.v(140): object "sel_re" assigned a value but never read File: /media/nguyenvietthi/DATA/EDABK/fpga_lab/lab3/build/gateware/top.v Line: 140
Warning (10036): Verilog HDL or VHDL warning at top.v(142): object "value_re" assigned a value but never read File: /media/nguyenvietthi/DATA/EDABK/fpga_lab/lab3/build/gateware/top.v Line: 142
Warning (10036): Verilog HDL or VHDL warning at top.v(144): object "write_r" assigned a value but never read File: /media/nguyenvietthi/DATA/EDABK/fpga_lab/lab3/build/gateware/top.v Line: 144
Warning (10036): Verilog HDL or VHDL warning at top.v(145): object "write_we" assigned a value but never read File: /media/nguyenvietthi/DATA/EDABK/fpga_lab/lab3/build/gateware/top.v Line: 145
Warning (10036): Verilog HDL or VHDL warning at top.v(221): object "basesoc_basesoc_wishbone_cti" assigned a value but never read File: /media/nguyenvietthi/DATA/EDABK/fpga_lab/lab3/build/gateware/top.v Line: 221
Warning (10036): Verilog HDL or VHDL warning at top.v(222): object "basesoc_basesoc_wishbone_bte" assigned a value but never read File: /media/nguyenvietthi/DATA/EDABK/fpga_lab/lab3/build/gateware/top.v Line: 222
Warning (10036): Verilog HDL or VHDL warning at top.v(229): object "basesoc_csr_bankarray_csrbank0_in_r" assigned a value but never read File: /media/nguyenvietthi/DATA/EDABK/fpga_lab/lab3/build/gateware/top.v Line: 229
Warning (10036): Verilog HDL or VHDL warning at top.v(239): object "basesoc_csr_bankarray_csrbank1_reset0_we" assigned a value but never read File: /media/nguyenvietthi/DATA/EDABK/fpga_lab/lab3/build/gateware/top.v Line: 239
Warning (10036): Verilog HDL or VHDL warning at top.v(243): object "basesoc_csr_bankarray_csrbank1_scratch0_we" assigned a value but never read File: /media/nguyenvietthi/DATA/EDABK/fpga_lab/lab3/build/gateware/top.v Line: 243
Warning (10036): Verilog HDL or VHDL warning at top.v(246): object "basesoc_csr_bankarray_csrbank1_bus_errors_r" assigned a value but never read File: /media/nguyenvietthi/DATA/EDABK/fpga_lab/lab3/build/gateware/top.v Line: 246
Warning (10036): Verilog HDL or VHDL warning at top.v(256): object "basesoc_csr_bankarray_csrbank2_sel0_we" assigned a value but never read File: /media/nguyenvietthi/DATA/EDABK/fpga_lab/lab3/build/gateware/top.v Line: 256
Warning (10036): Verilog HDL or VHDL warning at top.v(260): object "basesoc_csr_bankarray_csrbank2_value0_we" assigned a value but never read File: /media/nguyenvietthi/DATA/EDABK/fpga_lab/lab3/build/gateware/top.v Line: 260
Warning (10036): Verilog HDL or VHDL warning at top.v(264): object "basesoc_csr_bankarray_sram_bus_we" assigned a value but never read File: /media/nguyenvietthi/DATA/EDABK/fpga_lab/lab3/build/gateware/top.v Line: 264
Warning (10036): Verilog HDL or VHDL warning at top.v(265): object "basesoc_csr_bankarray_sram_bus_dat_w" assigned a value but never read File: /media/nguyenvietthi/DATA/EDABK/fpga_lab/lab3/build/gateware/top.v Line: 265
Warning (10036): Verilog HDL or VHDL warning at top.v(277): object "basesoc_csr_bankarray_csrbank3_out0_we" assigned a value but never read File: /media/nguyenvietthi/DATA/EDABK/fpga_lab/lab3/build/gateware/top.v Line: 277
Warning (10036): Verilog HDL or VHDL warning at top.v(285): object "basesoc_csr_bankarray_csrbank4_in_r" assigned a value but never read File: /media/nguyenvietthi/DATA/EDABK/fpga_lab/lab3/build/gateware/top.v Line: 285
Warning (10230): Verilog HDL assignment warning at top.v(328): truncated value with size 16 to match size of target (8) File: /media/nguyenvietthi/DATA/EDABK/fpga_lab/lab3/build/gateware/top.v Line: 328
Warning (10230): Verilog HDL assignment warning at top.v(331): truncated value with size 24 to match size of target (8) File: /media/nguyenvietthi/DATA/EDABK/fpga_lab/lab3/build/gateware/top.v Line: 331
Warning (10230): Verilog HDL assignment warning at top.v(334): truncated value with size 32 to match size of target (8) File: /media/nguyenvietthi/DATA/EDABK/fpga_lab/lab3/build/gateware/top.v Line: 334
Warning (10230): Verilog HDL assignment warning at top.v(354): truncated value with size 8 to match size of target (1) File: /media/nguyenvietthi/DATA/EDABK/fpga_lab/lab3/build/gateware/top.v Line: 354
Warning (10230): Verilog HDL assignment warning at top.v(452): truncated value with size 40 to match size of target (32) File: /media/nguyenvietthi/DATA/EDABK/fpga_lab/lab3/build/gateware/top.v Line: 452
Warning (10230): Verilog HDL assignment warning at top.v(476): truncated value with size 40 to match size of target (32) File: /media/nguyenvietthi/DATA/EDABK/fpga_lab/lab3/build/gateware/top.v Line: 476
Info (10264): Verilog HDL Case Statement information at top.v(440): all case item expressions in this case statement are onehot File: /media/nguyenvietthi/DATA/EDABK/fpga_lab/lab3/build/gateware/top.v Line: 440
Warning (10230): Verilog HDL assignment warning at top.v(904): truncated value with size 30 to match size of target (14) File: /media/nguyenvietthi/DATA/EDABK/fpga_lab/lab3/build/gateware/top.v Line: 904
Warning (10230): Verilog HDL assignment warning at top.v(911): truncated value with size 32 to match size of target (30) File: /media/nguyenvietthi/DATA/EDABK/fpga_lab/lab3/build/gateware/top.v Line: 911
Warning (10030): Net "mem.data_a" at top.v(1287) has no driver or initial value, using a default initial value '0' File: /media/nguyenvietthi/DATA/EDABK/fpga_lab/lab3/build/gateware/top.v Line: 1287
Warning (10030): Net "mem.waddr_a" at top.v(1287) has no driver or initial value, using a default initial value '0' File: /media/nguyenvietthi/DATA/EDABK/fpga_lab/lab3/build/gateware/top.v Line: 1287
Warning (10030): Net "mem.we_a" at top.v(1287) has no driver or initial value, using a default initial value '0' File: /media/nguyenvietthi/DATA/EDABK/fpga_lab/lab3/build/gateware/top.v Line: 1287
Info (276014): Found 1 instances of uninferred RAM logic
    Info (276004): RAM logic "mem" is uninferred due to inappropriate RAM size File: /media/nguyenvietthi/DATA/EDABK/fpga_lab/lab3/build/gateware/top.v Line: 1287
Critical Warning (127005): Memory depth (64) in the design file differs from memory depth (50) in the Memory Initialization File "/media/nguyenvietthi/DATA/EDABK/fpga_lab/lab3/build/gateware/db/top.ram0_top_1fc36.hdl.mif" -- setting initial value for remaining addresses to 0
Info (286030): Timing-Driven Synthesis is running
Info (17049): 21 registers lost all their fanouts during netlist optimizations.
Info (16010): Generating hard_block partition "hard_block:auto_generated_inst"
    Info (16011): Adding 0 node(s), including 0 DDIO, 0 PLL, 0 transceiver and 0 LCELL
Info (21057): Implemented 838 device resources after synthesis - the final resource count might be different
    Info (21058): Implemented 22 input pins
    Info (21059): Implemented 59 output pins
    Info (21061): Implemented 757 logic cells
Info: Quartus Prime Analysis & Synthesis was successful. 0 errors, 42 warnings
    Info: Peak virtual memory: 436 megabytes
    Info: Processing ended: Wed May 25 17:58:43 2022
    Info: Elapsed time: 00:00:13
    Info: Total CPU time (on all processors): 00:00:21


